2024-12-16 08:59:24 +0000  Initial pipeline context: <IDEDistributionProcessingPipelineContext: 0x10cff7580; archive(resolved)="<IDEArchive: 0x600023fcb2c0>", distributionTask(resolved)="2", distributionDestination(resolved)="1", distributionMethod(resolved)="<IDEDistributionMethodiOSAdHoc: 0x60000d504050>", team(resolved)="<IDEProvisioningDisambiguatableBasicTeam: 0x60001022c800; teamID='AVNAFFGJTL', teamName='Dustin Liu', teamType='Individual', username='e2755699@gmail.com', isFreeProvisioningTeam='0'>">
	Chain (15, self inclusive):
	<IDEDistributionProcessingPipelineContext: 0x10cff7580; archive = "<IDEArchive: 0x600023fcb2c0>", distributionMethod="<IDEDistributionMethodiOSAdHoc: 0x60000d504050>", team="<IDEProvisioningDisambiguatableBasicTeam: 0x60001022c800; teamID='AVNAFFGJTL', teamName='Dustin Liu', teamType='Individual', username='e2755699@gmail.com', isFreeProvisioningTeam='0'>">
	<IDEDistributionProcessingPipelineContext: 0x10cf227a0; archive = "<IDEArchive: 0x600023fcb2c0>", distributionMethod="<IDEDistributionMethodiOSAdHoc: 0x60000d504050>", team="<IDEProvisioningDisambiguatableBasicTeam: 0x60001022c800; teamID='AVNAFFGJTL', teamName='Dustin Liu', teamType='Individual', username='e2755699@gmail.com', isFreeProvisioningTeam='0'>">
	<IDEDistributionContext: 0x3249a0070; archive = "<IDEArchive: 0x600023fcb2c0>", distributionMethod="<IDEDistributionMethodiOSAdHoc: 0x60000d504050>", team="<IDEProvisioningDisambiguatableBasicTeam: 0x60001022c800; teamID='AVNAFFGJTL', teamName='Dustin Liu', teamType='Individual', username='e2755699@gmail.com', isFreeProvisioningTeam='0'>">
	<IDEDistributionContext: 0x325488fc0; archive = "<IDEArchive: 0x600023fcb2c0>", distributionMethod="<IDEDistributionMethodiOSAdHoc: 0x60000d504050>", team="<IDEProvisioningDisambiguatableBasicTeam: 0x60001022c800; teamID='AVNAFFGJTL', teamName='Dustin Liu', teamType='Individual', username='e2755699@gmail.com', isFreeProvisioningTeam='0'>">
	<IDEDistributionContext: 0x3242a7250; archive = "<IDEArchive: 0x600023fcb2c0>", distributionMethod="<IDEDistributionMethodiOSAdHoc: 0x60000d504050>", team="<IDEProvisioningDisambiguatableBasicTeam: 0x60001022c800; teamID='AVNAFFGJTL', teamName='Dustin Liu', teamType='Individual', username='e2755699@gmail.com', isFreeProvisioningTeam='0'>">
	<IDEDistributionContext: 0x324280a40; archive = "<IDEArchive: 0x600023fcb2c0>", distributionMethod="<IDEDistributionMethodiOSAdHoc: 0x60000d504050>", team="<IDEProvisioningDisambiguatableBasicTeam: 0x60001022c800; teamID='AVNAFFGJTL', teamName='Dustin Liu', teamType='Individual', username='e2755699@gmail.com', isFreeProvisioningTeam='0'>">
	<IDEDistributionContext: 0x321db07e0; archive = "<IDEArchive: 0x600023fcb2c0>", distributionMethod="<IDEDistributionMethodiOSAdHoc: 0x60000d504050>", team="<IDEProvisioningDisambiguatableBasicTeam: 0x60001022c800; teamID='AVNAFFGJTL', teamName='Dustin Liu', teamType='Individual', username='e2755699@gmail.com', isFreeProvisioningTeam='0'>">
	<IDEDistributionContext: 0x321db05d0; archive = "<IDEArchive: 0x600023fcb2c0>", distributionMethod="<IDEDistributionMethodiOSAdHoc: 0x60000d504050>", team="<IDEProvisioningDisambiguatableBasicTeam: 0x60001022c800; teamID='AVNAFFGJTL', teamName='Dustin Liu', teamType='Individual', username='e2755699@gmail.com', isFreeProvisioningTeam='0'>">
	<IDEDistributionContext: 0x3498c25e0; archive = "<IDEArchive: 0x600023fcb2c0>", distributionMethod="<IDEDistributionMethodiOSAdHoc: 0x60000d504050>", team="<IDEProvisioningDisambiguatableBasicTeam: 0x60001022c800; teamID='AVNAFFGJTL', teamName='Dustin Liu', teamType='Individual', username='e2755699@gmail.com', isFreeProvisioningTeam='0'>">
	<IDEDistributionContext: 0x3458647d0; archive = "<IDEArchive: 0x600023fcb2c0>", distributionMethod="<IDEDistributionMethodiOSAdHoc: 0x60000d504050>", team="(null)">
	<IDEDistributionContext: 0x3212f3ca0; archive = "<IDEArchive: 0x600023fcb2c0>", distributionMethod="<IDEDistributionMethodiOSAdHoc: 0x60000d504050>", team="(null)">
	<IDEDistributionContext: 0x321db6420; archive = "<IDEArchive: 0x600023fcb2c0>", distributionMethod="<IDEDistributionMethodiOSAdHoc: 0x60000d504050>", team="(null)">
	<IDEDistributionContext: 0x321daf950; archive = "<IDEArchive: 0x600023fcb2c0>", distributionMethod="<IDEDistributionMethodiOSAdHoc: 0x60000d504050>", team="(null)">
	<IDEDistributionContext: 0x10cf27d50; archive = "<IDEArchive: 0x600023fcb2c0>", distributionMethod="(null)", team="(null)">
	<IDEDistributionContext: 0x321db0270; archive = "<IDEArchive: 0x600023fcb2c0>", distributionMethod="(null)", team="(null)">
</IDEDistributionProcessingPipelineContext: 0x10cff7580>
2024-12-16 08:59:24 +0000  Processing step: IDEDistributionCreateDestRootStep
2024-12-16 08:59:24 +0000  Processing step: IDEDistributionCopyItemStep
2024-12-16 08:59:24 +0000  Running /usr/bin/ditto '-V' '/Users/dustin.liu82/Library/Developer/Xcode/Archives/2024-12-16/Runner 2024-12-16, 4.23 PM.xcarchive/Products/Applications/Runner.app' '/var/folders/7j/jgrg5mm17mn726k0w82ht6bry65z1w/T/XcodeDistPipeline.~~~QQdCuf/Root/Payload/Runner.app'
2024-12-16 08:59:24 +0000  >>> Copying /Users/dustin.liu82/Library/Developer/Xcode/Archives/2024-12-16/Runner 2024-12-16, 4.23 PM.xcarchive/Products/Applications/Runner.app 
2024-12-16 08:59:24 +0000  copying file ./FirebaseAuth_Privacy.bundle/PrivacyInfo.xcprivacy ... 
2024-12-16 08:59:24 +0000  2102 bytes for ./FirebaseAuth_Privacy.bundle/PrivacyInfo.xcprivacy
2024-12-16 08:59:24 +0000  copying file ./FirebaseAuth_Privacy.bundle/Info.plist ... 
2024-12-16 08:59:24 +0000  793 bytes for ./FirebaseAuth_Privacy.bundle/Info.plist
2024-12-16 08:59:24 +0000  copying file ./_CodeSignature/CodeResources ... 
2024-12-16 08:59:24 +0000  37059 bytes for ./_CodeSignature/CodeResources
2024-12-16 08:59:24 +0000  copying file ./FirebaseCore_Privacy.bundle/PrivacyInfo.xcprivacy ... 
2024-12-16 08:59:24 +0000  855 bytes for ./FirebaseCore_Privacy.bundle/PrivacyInfo.xcprivacy
2024-12-16 08:59:24 +0000  copying file ./FirebaseCore_Privacy.bundle/Info.plist ... 
2024-12-16 08:59:24 +0000  793 bytes for ./FirebaseCore_Privacy.bundle/Info.plist
2024-12-16 08:59:24 +0000  copying file ./en.lproj/InfoPlist.strings ... 
2024-12-16 08:59:24 +0000  102 bytes for ./en.lproj/InfoPlist.strings
2024-12-16 08:59:24 +0000  copying file ./FirebaseRemoteConfig_Privacy.bundle/PrivacyInfo.xcprivacy ... 
2024-12-16 08:59:24 +0000  1482 bytes for ./FirebaseRemoteConfig_Privacy.bundle/PrivacyInfo.xcprivacy
2024-12-16 08:59:24 +0000  copying file ./FirebaseRemoteConfig_Privacy.bundle/Info.plist ... 
2024-12-16 08:59:24 +0000  809 bytes for ./FirebaseRemoteConfig_Privacy.bundle/Info.plist
2024-12-16 08:59:24 +0000  copying file ./FirebaseFirestore_Privacy.bundle/PrivacyInfo.xcprivacy ... 
2024-12-16 08:59:24 +0000  1105 bytes for ./FirebaseFirestore_Privacy.bundle/PrivacyInfo.xcprivacy
2024-12-16 08:59:24 +0000  copying file ./FirebaseFirestore_Privacy.bundle/Info.plist ... 
2024-12-16 08:59:24 +0000  803 bytes for ./FirebaseFirestore_Privacy.bundle/Info.plist
2024-12-16 08:59:24 +0000  copying file ./FirebaseFirestoreGRPCBoringSSLBinary_Privacy.bundle/PrivacyInfo.xcprivacy ... 
2024-12-16 08:59:24 +0000  817 bytes for ./FirebaseFirestoreGRPCBoringSSLBinary_Privacy.bundle/PrivacyInfo.xcprivacy
2024-12-16 08:59:24 +0000  copying file ./FirebaseFirestoreGRPCBoringSSLBinary_Privacy.bundle/Info.plist ... 
2024-12-16 08:59:24 +0000  841 bytes for ./FirebaseFirestoreGRPCBoringSSLBinary_Privacy.bundle/Info.plist
2024-12-16 08:59:24 +0000  copying file ./FirebaseFirestoreGRPCCoreBinary_Privacy.bundle/PrivacyInfo.xcprivacy ... 
2024-12-16 08:59:24 +0000  817 bytes for ./FirebaseFirestoreGRPCCoreBinary_Privacy.bundle/PrivacyInfo.xcprivacy
2024-12-16 08:59:24 +0000  copying file ./FirebaseFirestoreGRPCCoreBinary_Privacy.bundle/Info.plist ... 
2024-12-16 08:59:24 +0000  831 bytes for ./FirebaseFirestoreGRPCCoreBinary_Privacy.bundle/Info.plist
2024-12-16 08:59:24 +0000  copying file ./FBLPromises_Privacy.bundle/PrivacyInfo.xcprivacy ... 
2024-12-16 08:59:24 +0000  373 bytes for ./FBLPromises_Privacy.bundle/PrivacyInfo.xcprivacy
2024-12-16 08:59:24 +0000  copying file ./FBLPromises_Privacy.bundle/Info.plist ... 
2024-12-16 08:59:24 +0000  790 bytes for ./FBLPromises_Privacy.bundle/Info.plist
2024-12-16 08:59:24 +0000  copying file ./shared_preferences_foundation_privacy.bundle/PrivacyInfo.xcprivacy ... 
2024-12-16 08:59:24 +0000  598 bytes for ./shared_preferences_foundation_privacy.bundle/PrivacyInfo.xcprivacy
2024-12-16 08:59:24 +0000  copying file ./shared_preferences_foundation_privacy.bundle/Info.plist ... 
2024-12-16 08:59:24 +0000  826 bytes for ./shared_preferences_foundation_privacy.bundle/Info.plist
2024-12-16 08:59:24 +0000  copying file ./AppIcon60x60@2x.png ... 
2024-12-16 08:59:24 +0000  3364 bytes for ./AppIcon60x60@2x.png
2024-12-16 08:59:24 +0000  copying file ./Runner ... 
2024-12-16 08:59:24 +0000  13021264 bytes for ./Runner
2024-12-16 08:59:24 +0000  copying file ./path_provider_foundation_privacy.bundle/PrivacyInfo.xcprivacy ... 
2024-12-16 08:59:24 +0000  373 bytes for ./path_provider_foundation_privacy.bundle/PrivacyInfo.xcprivacy
2024-12-16 08:59:24 +0000  copying file ./path_provider_foundation_privacy.bundle/Info.plist ... 
2024-12-16 08:59:24 +0000  816 bytes for ./path_provider_foundation_privacy.bundle/Info.plist
2024-12-16 08:59:24 +0000  copying file ./FirebaseCoreInternal_Privacy.bundle/PrivacyInfo.xcprivacy ... 
2024-12-16 08:59:24 +0000  855 bytes for ./FirebaseCoreInternal_Privacy.bundle/PrivacyInfo.xcprivacy
2024-12-16 08:59:24 +0000  copying file ./FirebaseCoreInternal_Privacy.bundle/Info.plist ... 
2024-12-16 08:59:24 +0000  809 bytes for ./FirebaseCoreInternal_Privacy.bundle/Info.plist
2024-12-16 08:59:24 +0000  copying file ./GoogleDataTransport_Privacy.bundle/PrivacyInfo.xcprivacy ... 
2024-12-16 08:59:24 +0000  1105 bytes for ./GoogleDataTransport_Privacy.bundle/PrivacyInfo.xcprivacy
2024-12-16 08:59:24 +0000  copying file ./GoogleDataTransport_Privacy.bundle/Info.plist ... 
2024-12-16 08:59:24 +0000  807 bytes for ./GoogleDataTransport_Privacy.bundle/Info.plist
2024-12-16 08:59:24 +0000  copying file ./nanopb_Privacy.bundle/PrivacyInfo.xcprivacy ... 
2024-12-16 08:59:24 +0000  374 bytes for ./nanopb_Privacy.bundle/PrivacyInfo.xcprivacy
2024-12-16 08:59:24 +0000  copying file ./nanopb_Privacy.bundle/Info.plist ... 
2024-12-16 08:59:24 +0000  782 bytes for ./nanopb_Privacy.bundle/Info.plist
2024-12-16 08:59:24 +0000  copying file ./GoogleService-Info.plist ... 
2024-12-16 08:59:24 +0000  488 bytes for ./GoogleService-Info.plist
2024-12-16 08:59:24 +0000  copying file ./FirebaseCoreExtension_Privacy.bundle/PrivacyInfo.xcprivacy ... 
2024-12-16 08:59:24 +0000  478 bytes for ./FirebaseCoreExtension_Privacy.bundle/PrivacyInfo.xcprivacy
2024-12-16 08:59:24 +0000  copying file ./FirebaseCoreExtension_Privacy.bundle/Info.plist ... 
2024-12-16 08:59:24 +0000  811 bytes for ./FirebaseCoreExtension_Privacy.bundle/Info.plist
2024-12-16 08:59:24 +0000  copying file ./zh_Hant.lproj/InfoPlist.strings ... 
2024-12-16 08:59:24 +0000  101 bytes for ./zh_Hant.lproj/InfoPlist.strings
2024-12-16 08:59:24 +0000  copying file ./FirebaseFirestoreAbseilBinary_Privacy.bundle/PrivacyInfo.xcprivacy ... 
2024-12-16 08:59:24 +0000  380 bytes for ./FirebaseFirestoreAbseilBinary_Privacy.bundle/PrivacyInfo.xcprivacy
2024-12-16 08:59:24 +0000  copying file ./FirebaseFirestoreAbseilBinary_Privacy.bundle/Info.plist ... 
2024-12-16 08:59:24 +0000  835 bytes for ./FirebaseFirestoreAbseilBinary_Privacy.bundle/Info.plist
2024-12-16 08:59:24 +0000  copying file ./Base.lproj/Main.storyboardc/UIViewController-BYZ-38-t0r.nib ... 
2024-12-16 08:59:24 +0000  951 bytes for ./Base.lproj/Main.storyboardc/UIViewController-BYZ-38-t0r.nib
2024-12-16 08:59:24 +0000  copying file ./Base.lproj/Main.storyboardc/BYZ-38-t0r-view-8bC-Xf-vdC.nib ... 
2024-12-16 08:59:24 +0000  1835 bytes for ./Base.lproj/Main.storyboardc/BYZ-38-t0r-view-8bC-Xf-vdC.nib
2024-12-16 08:59:24 +0000  copying file ./Base.lproj/Main.storyboardc/Info.plist ... 
2024-12-16 08:59:24 +0000  258 bytes for ./Base.lproj/Main.storyboardc/Info.plist
2024-12-16 08:59:24 +0000  copying file ./Base.lproj/LaunchScreen.storyboardc/01J-lp-oVM-view-Ze5-6b-2t3.nib ... 
2024-12-16 08:59:24 +0000  2281 bytes for ./Base.lproj/LaunchScreen.storyboardc/01J-lp-oVM-view-Ze5-6b-2t3.nib
2024-12-16 08:59:24 +0000  copying file ./Base.lproj/LaunchScreen.storyboardc/UIViewController-01J-lp-oVM.nib ... 
2024-12-16 08:59:24 +0000  924 bytes for ./Base.lproj/LaunchScreen.storyboardc/UIViewController-01J-lp-oVM.nib
2024-12-16 08:59:24 +0000  copying file ./Base.lproj/LaunchScreen.storyboardc/Info.plist ... 
2024-12-16 08:59:24 +0000  258 bytes for ./Base.lproj/LaunchScreen.storyboardc/Info.plist
2024-12-16 08:59:24 +0000  copying file ./fluttertoast_privacy.bundle/PrivacyInfo.xcprivacy ... 
2024-12-16 08:59:24 +0000  373 bytes for ./fluttertoast_privacy.bundle/PrivacyInfo.xcprivacy
2024-12-16 08:59:24 +0000  copying file ./fluttertoast_privacy.bundle/Info.plist ... 
2024-12-16 08:59:24 +0000  792 bytes for ./fluttertoast_privacy.bundle/Info.plist
2024-12-16 08:59:24 +0000  copying file ./Toast.bundle/PrivacyInfo.xcprivacy ... 
2024-12-16 08:59:24 +0000  372 bytes for ./Toast.bundle/PrivacyInfo.xcprivacy
2024-12-16 08:59:24 +0000  copying file ./Toast.bundle/Info.plist ... 
2024-12-16 08:59:24 +0000  760 bytes for ./Toast.bundle/Info.plist
2024-12-16 08:59:24 +0000  copying file ./GTMSessionFetcher_Core_Privacy.bundle/PrivacyInfo.xcprivacy ... 
2024-12-16 08:59:24 +0000  598 bytes for ./GTMSessionFetcher_Core_Privacy.bundle/PrivacyInfo.xcprivacy
2024-12-16 08:59:24 +0000  copying file ./GTMSessionFetcher_Core_Privacy.bundle/Info.plist ... 
2024-12-16 08:59:24 +0000  812 bytes for ./GTMSessionFetcher_Core_Privacy.bundle/Info.plist
2024-12-16 08:59:24 +0000  copying file ./FirebaseFirestoreInternalBinary_Privacy.bundle/PrivacyInfo.xcprivacy ... 
2024-12-16 08:59:24 +0000  1105 bytes for ./FirebaseFirestoreInternalBinary_Privacy.bundle/PrivacyInfo.xcprivacy
2024-12-16 08:59:24 +0000  copying file ./FirebaseFirestoreInternalBinary_Privacy.bundle/Info.plist ... 
2024-12-16 08:59:24 +0000  831 bytes for ./FirebaseFirestoreInternalBinary_Privacy.bundle/Info.plist
2024-12-16 08:59:24 +0000  copying file ./Assets.car ... 
2024-12-16 08:59:24 +0000  93343 bytes for ./Assets.car
2024-12-16 08:59:24 +0000  copying file ./AppFrameworkInfo.plist ... 
2024-12-16 08:59:24 +0000  402 bytes for ./AppFrameworkInfo.plist
2024-12-16 08:59:24 +0000  copying file ./FirebaseInstallations_Privacy.bundle/PrivacyInfo.xcprivacy ... 
2024-12-16 08:59:24 +0000  1105 bytes for ./FirebaseInstallations_Privacy.bundle/PrivacyInfo.xcprivacy
2024-12-16 08:59:24 +0000  copying file ./FirebaseInstallations_Privacy.bundle/Info.plist ... 
2024-12-16 08:59:24 +0000  811 bytes for ./FirebaseInstallations_Privacy.bundle/Info.plist
2024-12-16 08:59:24 +0000  copying file ./AppIcon76x76@2x~ipad.png ... 
2024-12-16 08:59:24 +0000  4121 bytes for ./AppIcon76x76@2x~ipad.png
2024-12-16 08:59:24 +0000  copying file ./GoogleUtilities_Privacy.bundle/PrivacyInfo.xcprivacy ... 
2024-12-16 08:59:24 +0000  1233 bytes for ./GoogleUtilities_Privacy.bundle/PrivacyInfo.xcprivacy
2024-12-16 08:59:24 +0000  copying file ./GoogleUtilities_Privacy.bundle/Info.plist ... 
2024-12-16 08:59:24 +0000  798 bytes for ./GoogleUtilities_Privacy.bundle/Info.plist
2024-12-16 08:59:24 +0000  copying file ./leveldb_Privacy.bundle/PrivacyInfo.xcprivacy ... 
2024-12-16 08:59:24 +0000  856 bytes for ./leveldb_Privacy.bundle/PrivacyInfo.xcprivacy
2024-12-16 08:59:24 +0000  copying file ./leveldb_Privacy.bundle/Info.plist ... 
2024-12-16 08:59:24 +0000  783 bytes for ./leveldb_Privacy.bundle/Info.plist
2024-12-16 08:59:24 +0000  copying file ./PrivacyInfo.xcprivacy ... 
2024-12-16 08:59:24 +0000  181 bytes for ./PrivacyInfo.xcprivacy
2024-12-16 08:59:24 +0000  copying file ./sqflite_darwin_privacy.bundle/PrivacyInfo.xcprivacy ... 
2024-12-16 08:59:24 +0000  372 bytes for ./sqflite_darwin_privacy.bundle/PrivacyInfo.xcprivacy
2024-12-16 08:59:24 +0000  copying file ./sqflite_darwin_privacy.bundle/Info.plist ... 
2024-12-16 08:59:24 +0000  796 bytes for ./sqflite_darwin_privacy.bundle/Info.plist
2024-12-16 08:59:24 +0000  copying file ./url_launcher_ios_privacy.bundle/PrivacyInfo.xcprivacy ... 
2024-12-16 08:59:24 +0000  373 bytes for ./url_launcher_ios_privacy.bundle/PrivacyInfo.xcprivacy
2024-12-16 08:59:24 +0000  copying file ./url_launcher_ios_privacy.bundle/Info.plist ... 
2024-12-16 08:59:24 +0000  800 bytes for ./url_launcher_ios_privacy.bundle/Info.plist
2024-12-16 08:59:24 +0000  copying file ./FirebaseFirestoreGRPCCPPBinary_Privacy.bundle/PrivacyInfo.xcprivacy ... 
2024-12-16 08:59:24 +0000  817 bytes for ./FirebaseFirestoreGRPCCPPBinary_Privacy.bundle/PrivacyInfo.xcprivacy
2024-12-16 08:59:24 +0000  copying file ./FirebaseFirestoreGRPCCPPBinary_Privacy.bundle/Info.plist ... 
2024-12-16 08:59:24 +0000  829 bytes for ./FirebaseFirestoreGRPCCPPBinary_Privacy.bundle/Info.plist
2024-12-16 08:59:24 +0000  copying file ./Frameworks/libswift_Concurrency.dylib ... 
2024-12-16 08:59:24 +0000  557584 bytes for ./Frameworks/libswift_Concurrency.dylib
2024-12-16 08:59:24 +0000  copying file ./Frameworks/Flutter.framework/_CodeSignature/CodeResources ... 
2024-12-16 08:59:24 +0000  6336 bytes for ./Frameworks/Flutter.framework/_CodeSignature/CodeResources
2024-12-16 08:59:24 +0000  copying file ./Frameworks/Flutter.framework/icudtl.dat ... 
2024-12-16 08:59:24 +0000  778864 bytes for ./Frameworks/Flutter.framework/icudtl.dat
2024-12-16 08:59:24 +0000  copying file ./Frameworks/Flutter.framework/Flutter ... 
2024-12-16 08:59:24 +0000  9755312 bytes for ./Frameworks/Flutter.framework/Flutter
2024-12-16 08:59:24 +0000  copying file ./Frameworks/Flutter.framework/Headers/FlutterEngine.h ... 
2024-12-16 08:59:24 +0000  20724 bytes for ./Frameworks/Flutter.framework/Headers/FlutterEngine.h
2024-12-16 08:59:24 +0000  copying file ./Frameworks/Flutter.framework/Headers/FlutterChannels.h ... 
2024-12-16 08:59:24 +0000  18414 bytes for ./Frameworks/Flutter.framework/Headers/FlutterChannels.h
2024-12-16 08:59:24 +0000  copying file ./Frameworks/Flutter.framework/Headers/FlutterPlugin.h ... 
2024-12-16 08:59:24 +0000  16277 bytes for ./Frameworks/Flutter.framework/Headers/FlutterPlugin.h
2024-12-16 08:59:24 +0000  copying file ./Frameworks/Flutter.framework/Headers/FlutterAppDelegate.h ... 
2024-12-16 08:59:24 +0000  1271 bytes for ./Frameworks/Flutter.framework/Headers/FlutterAppDelegate.h
2024-12-16 08:59:24 +0000  copying file ./Frameworks/Flutter.framework/Headers/FlutterTexture.h ... 
2024-12-16 08:59:24 +0000  2263 bytes for ./Frameworks/Flutter.framework/Headers/FlutterTexture.h
copying file ./Frameworks/Flutter.framework/Headers/FlutterEngineGroup.h ... 
2024-12-16 08:59:24 +0000  4757 bytes for ./Frameworks/Flutter.framework/Headers/FlutterEngineGroup.h
2024-12-16 08:59:24 +0000  copying file ./Frameworks/Flutter.framework/Headers/FlutterPlatformViews.h ... 
2024-12-16 08:59:24 +0000  1967 bytes for ./Frameworks/Flutter.framework/Headers/FlutterPlatformViews.h
2024-12-16 08:59:24 +0000  copying file ./Frameworks/Flutter.framework/Headers/FlutterHeadlessDartRunner.h ... 
2024-12-16 08:59:24 +0000  3927 bytes for ./Frameworks/Flutter.framework/Headers/FlutterHeadlessDartRunner.h
2024-12-16 08:59:24 +0000  copying file ./Frameworks/Flutter.framework/Headers/FlutterCodecs.h ... 
2024-12-16 08:59:24 +0000  15290 bytes for ./Frameworks/Flutter.framework/Headers/FlutterCodecs.h
2024-12-16 08:59:24 +0000  copying file ./Frameworks/Flutter.framework/Headers/Flutter.h ... 
2024-12-16 08:59:24 +0000  854 bytes for ./Frameworks/Flutter.framework/Headers/Flutter.h
2024-12-16 08:59:24 +0000  copying file ./Frameworks/Flutter.framework/Headers/FlutterViewController.h ... 
2024-12-16 08:59:24 +0000  10148 bytes for ./Frameworks/Flutter.framework/Headers/FlutterViewController.h
2024-12-16 08:59:24 +0000  copying file ./Frameworks/Flutter.framework/Headers/FlutterMacros.h ... 
2024-12-16 08:59:24 +0000  1823 bytes for ./Frameworks/Flutter.framework/Headers/FlutterMacros.h
2024-12-16 08:59:24 +0000  copying file ./Frameworks/Flutter.framework/Headers/FlutterDartProject.h ... 
2024-12-16 08:59:24 +0000  3914 bytes for ./Frameworks/Flutter.framework/Headers/FlutterDartProject.h
2024-12-16 08:59:24 +0000  copying file ./Frameworks/Flutter.framework/Headers/FlutterPluginAppLifeCycleDelegate.h ... 
2024-12-16 08:59:24 +0000  5318 bytes for ./Frameworks/Flutter.framework/Headers/FlutterPluginAppLifeCycleDelegate.h
2024-12-16 08:59:24 +0000  copying file ./Frameworks/Flutter.framework/Headers/FlutterBinaryMessenger.h ... 
2024-12-16 08:59:24 +0000  3761 bytes for ./Frameworks/Flutter.framework/Headers/FlutterBinaryMessenger.h
2024-12-16 08:59:24 +0000  copying file ./Frameworks/Flutter.framework/Headers/FlutterCallbackCache.h ... 
2024-12-16 08:59:24 +0000  1724 bytes for ./Frameworks/Flutter.framework/Headers/FlutterCallbackCache.h
2024-12-16 08:59:24 +0000  copying file ./Frameworks/Flutter.framework/PrivacyInfo.xcprivacy ... 
2024-12-16 08:59:24 +0000  845 bytes for ./Frameworks/Flutter.framework/PrivacyInfo.xcprivacy
2024-12-16 08:59:24 +0000  copying file ./Frameworks/Flutter.framework/Modules/module.modulemap ... 
2024-12-16 08:59:24 +0000  95 bytes for ./Frameworks/Flutter.framework/Modules/module.modulemap
2024-12-16 08:59:24 +0000  copying file ./Frameworks/Flutter.framework/Info.plist ... 
2024-12-16 08:59:24 +0000  1028 bytes for ./Frameworks/Flutter.framework/Info.plist
2024-12-16 08:59:24 +0000  copying file ./Frameworks/App.framework/_CodeSignature/CodeResources ... 
2024-12-16 08:59:24 +0000  8726 bytes for ./Frameworks/App.framework/_CodeSignature/CodeResources
2024-12-16 08:59:24 +0000  copying file ./Frameworks/App.framework/App ... 
2024-12-16 08:59:24 +0000  7244224 bytes for ./Frameworks/App.framework/App
2024-12-16 08:59:24 +0000  copying file ./Frameworks/App.framework/flutter_assets/NOTICES.Z ... 
2024-12-16 08:59:24 +0000  92566 bytes for ./Frameworks/App.framework/flutter_assets/NOTICES.Z
2024-12-16 08:59:24 +0000  copying file ./Frameworks/App.framework/flutter_assets/AssetManifest.json ... 
2024-12-16 08:59:24 +0000  1441 bytes for ./Frameworks/App.framework/flutter_assets/AssetManifest.json
2024-12-16 08:59:24 +0000  copying file ./Frameworks/App.framework/flutter_assets/FontManifest.json ... 
2024-12-16 08:59:24 +0000  670 bytes for ./Frameworks/App.framework/flutter_assets/FontManifest.json
2024-12-16 08:59:24 +0000  copying file ./Frameworks/App.framework/flutter_assets/packages/cupertino_icons/assets/CupertinoIcons.ttf ... 
2024-12-16 08:59:24 +0000  257628 bytes for ./Frameworks/App.framework/flutter_assets/packages/cupertino_icons/assets/CupertinoIcons.ttf
2024-12-16 08:59:24 +0000  copying file ./Frameworks/App.framework/flutter_assets/packages/font_awesome_flutter/lib/fonts/fa-solid-900.ttf ... 
2024-12-16 08:59:24 +0000  419720 bytes for ./Frameworks/App.framework/flutter_assets/packages/font_awesome_flutter/lib/fonts/fa-solid-900.ttf
2024-12-16 08:59:24 +0000  copying file ./Frameworks/App.framework/flutter_assets/packages/font_awesome_flutter/lib/fonts/fa-regular-400.ttf ... 
2024-12-16 08:59:24 +0000  68004 bytes for ./Frameworks/App.framework/flutter_assets/packages/font_awesome_flutter/lib/fonts/fa-regular-400.ttf
2024-12-16 08:59:24 +0000  copying file ./Frameworks/App.framework/flutter_assets/packages/font_awesome_flutter/lib/fonts/fa-brands-400.ttf ... 
2024-12-16 08:59:24 +0000  207972 bytes for ./Frameworks/App.framework/flutter_assets/packages/font_awesome_flutter/lib/fonts/fa-brands-400.ttf
2024-12-16 08:59:24 +0000  copying file ./Frameworks/App.framework/flutter_assets/packages/fluttertoast/assets/toastify.js ... 
2024-12-16 08:59:24 +0000  5285 bytes for ./Frameworks/App.framework/flutter_assets/packages/fluttertoast/assets/toastify.js
2024-12-16 08:59:24 +0000  copying file ./Frameworks/App.framework/flutter_assets/packages/fluttertoast/assets/toastify.css ... 
2024-12-16 08:59:24 +0000  1337 bytes for ./Frameworks/App.framework/flutter_assets/packages/fluttertoast/assets/toastify.css
2024-12-16 08:59:24 +0000  copying file ./Frameworks/App.framework/flutter_assets/shaders/ink_sparkle.frag ... 
2024-12-16 08:59:24 +0000  12112 bytes for ./Frameworks/App.framework/flutter_assets/shaders/ink_sparkle.frag
2024-12-16 08:59:24 +0000  copying file ./Frameworks/App.framework/flutter_assets/AssetManifest.bin ... 
2024-12-16 08:59:24 +0000  1575 bytes for ./Frameworks/App.framework/flutter_assets/AssetManifest.bin
2024-12-16 08:59:24 +0000  copying file ./Frameworks/App.framework/flutter_assets/fonts/MaterialIcons-Regular.otf ... 
2024-12-16 08:59:24 +0000  1645184 bytes for ./Frameworks/App.framework/flutter_assets/fonts/MaterialIcons-Regular.otf
2024-12-16 08:59:24 +0000  copying file ./Frameworks/App.framework/flutter_assets/assets/audios/favicon.png ... 
2024-12-16 08:59:24 +0000  917 bytes for ./Frameworks/App.framework/flutter_assets/assets/audios/favicon.png
2024-12-16 08:59:24 +0000  copying file ./Frameworks/App.framework/flutter_assets/assets/jsons/favicon.png ... 
2024-12-16 08:59:24 +0000  917 bytes for ./Frameworks/App.framework/flutter_assets/assets/jsons/favicon.png
2024-12-16 08:59:24 +0000  copying file ./Frameworks/App.framework/flutter_assets/assets/rive_animations/favicon.png ... 
2024-12-16 08:59:24 +0000  917 bytes for ./Frameworks/App.framework/flutter_assets/assets/rive_animations/favicon.png
2024-12-16 08:59:24 +0000  copying file ./Frameworks/App.framework/flutter_assets/assets/images/everyday.svg ... 
2024-12-16 08:59:24 +0000  1106 bytes for ./Frameworks/App.framework/flutter_assets/assets/images/everyday.svg
2024-12-16 08:59:24 +0000  copying file ./Frameworks/App.framework/flutter_assets/assets/images/login_avatar.webp ... 
2024-12-16 08:59:24 +0000  19228 bytes for ./Frameworks/App.framework/flutter_assets/assets/images/login_avatar.webp
2024-12-16 08:59:24 +0000  copying file ./Frameworks/App.framework/flutter_assets/assets/images/login_bg.webp ... 
2024-12-16 08:59:24 +0000  26602 bytes for ./Frameworks/App.framework/flutter_assets/assets/images/login_bg.webp
copying file ./Frameworks/App.framework/flutter_assets/assets/images/school.svg ... 
2024-12-16 08:59:24 +0000  1243 bytes for ./Frameworks/App.framework/flutter_assets/assets/images/school.svg
2024-12-16 08:59:24 +0000  copying file ./Frameworks/App.framework/flutter_assets/assets/images/students.svg ... 
2024-12-16 08:59:24 +0000  3113 bytes for ./Frameworks/App.framework/flutter_assets/assets/images/students.svg
2024-12-16 08:59:24 +0000  copying file ./Frameworks/App.framework/flutter_assets/assets/images/favicon.png ... 
2024-12-16 08:59:24 +0000  917 bytes for ./Frameworks/App.framework/flutter_assets/assets/images/favicon.png
2024-12-16 08:59:24 +0000  copying file ./Frameworks/App.framework/flutter_assets/assets/images/assessment.svg ... 
2024-12-16 08:59:24 +0000  1590 bytes for ./Frameworks/App.framework/flutter_assets/assets/images/assessment.svg
2024-12-16 08:59:24 +0000  copying file ./Frameworks/App.framework/flutter_assets/assets/videos/favicon.png ... 
2024-12-16 08:59:24 +0000  917 bytes for ./Frameworks/App.framework/flutter_assets/assets/videos/favicon.png
2024-12-16 08:59:24 +0000  copying file ./Frameworks/App.framework/flutter_assets/assets/pdfs/favicon.png ... 
2024-12-16 08:59:24 +0000  917 bytes for ./Frameworks/App.framework/flutter_assets/assets/pdfs/favicon.png
2024-12-16 08:59:24 +0000  copying file ./Frameworks/App.framework/flutter_assets/assets/fonts/favicon.png ... 
2024-12-16 08:59:24 +0000  917 bytes for ./Frameworks/App.framework/flutter_assets/assets/fonts/favicon.png
2024-12-16 08:59:24 +0000  copying file ./Frameworks/App.framework/Info.plist ... 
2024-12-16 08:59:24 +0000  797 bytes for ./Frameworks/App.framework/Info.plist
2024-12-16 08:59:24 +0000  copying file ./embedded.mobileprovision ... 
2024-12-16 08:59:24 +0000  12563 bytes for ./embedded.mobileprovision
2024-12-16 08:59:24 +0000  copying file ./FirebaseCrashlytics_Privacy.bundle/PrivacyInfo.xcprivacy ... 
2024-12-16 08:59:24 +0000  1383 bytes for ./FirebaseCrashlytics_Privacy.bundle/PrivacyInfo.xcprivacy
copying file ./FirebaseCrashlytics_Privacy.bundle/Info.plist ... 
2024-12-16 08:59:24 +0000  807 bytes for ./FirebaseCrashlytics_Privacy.bundle/Info.plist
2024-12-16 08:59:24 +0000  copying file ./Info.plist ... 
2024-12-16 08:59:24 +0000  1896 bytes for ./Info.plist
2024-12-16 08:59:24 +0000  copying file ./FirebaseABTesting_Privacy.bundle/PrivacyInfo.xcprivacy ... 
2024-12-16 08:59:24 +0000  478 bytes for ./FirebaseABTesting_Privacy.bundle/PrivacyInfo.xcprivacy
2024-12-16 08:59:24 +0000  copying file ./FirebaseABTesting_Privacy.bundle/Info.plist ... 
2024-12-16 08:59:24 +0000  803 bytes for ./FirebaseABTesting_Privacy.bundle/Info.plist
2024-12-16 08:59:24 +0000  copying file ./PkgInfo ... 
2024-12-16 08:59:24 +0000  8 bytes for ./PkgInfo
2024-12-16 08:59:24 +0000  copying file ./Promises_Privacy.bundle/PrivacyInfo.xcprivacy ... 
2024-12-16 08:59:24 +0000  373 bytes for ./Promises_Privacy.bundle/PrivacyInfo.xcprivacy
2024-12-16 08:59:24 +0000  copying file ./Promises_Privacy.bundle/Info.plist ... 
2024-12-16 08:59:24 +0000  784 bytes for ./Promises_Privacy.bundle/Info.plist
2024-12-16 08:59:24 +0000  /usr/bin/ditto exited with 0
2024-12-16 08:59:24 +0000  Processing step: IDEDistributionEmbedProfileStep
2024-12-16 08:59:24 +0000  Skipping profile for item: <IDEDistributionItem: 0x6000233931e0; bundleID='io.flutter.flutter.app', path='<DVTFilePath:0x60001fdd7720:'/Users/dustin.liu82/Library/Developer/Xcode/Archives/2024-12-16/Runner 2024-12-16, 4.23 PM.xcarchive/Products/Applications/Runner.app/Frameworks/App.framework'>', codeSigningInfo='<_DVTCodeSigningInformation_Path: 0x60002712a210; isSigned='1', isAdHocSigned='0', signingCertificate='<DVTSigningCertificate: 0x6000162a9b00; name='Apple Development: Zhaoling Liu (7C32QSSABJ)', hash='C3E70837A4165A29EC98D9900277365D1274FF56', serialNumber='380C9CC89C0127CF225CF0F9ACC236D1', certificateKinds='(
    "1.2.840.113635.100.6.1.12",
    "1.2.840.113635.100.6.1.2"
), issueDate='2024-12-16 04:31:29 +0000''>', entitlements='(null)', teamID='AVNAFFGJTL', identifier='io.flutter.flutter.app', executablePath='<DVTFilePath:0x600023377d80:'/Users/dustin.liu82/Library/Developer/Xcode/Archives/2024-12-16/Runner 2024-12-16, 4.23 PM.xcarchive/Products/Applications/Runner.app/Frameworks/App.framework/App'>', hardenedRuntime='0'>'>
2024-12-16 08:59:24 +0000  Skipping profile for item: <IDEDistributionItem: 0x60002339ee20; bundleID='io.flutter.flutter', path='<DVTFilePath:0x600023fb43f0:'/Users/dustin.liu82/Library/Developer/Xcode/Archives/2024-12-16/Runner 2024-12-16, 4.23 PM.xcarchive/Products/Applications/Runner.app/Frameworks/Flutter.framework'>', codeSigningInfo='<_DVTCodeSigningInformation_Path: 0x600027109d60; isSigned='1', isAdHocSigned='0', signingCertificate='<DVTSigningCertificate: 0x6000162a9b00; name='Apple Development: Zhaoling Liu (7C32QSSABJ)', hash='C3E70837A4165A29EC98D9900277365D1274FF56', serialNumber='380C9CC89C0127CF225CF0F9ACC236D1', certificateKinds='(
    "1.2.840.113635.100.6.1.12",
    "1.2.840.113635.100.6.1.2"
), issueDate='2024-12-16 04:31:29 +0000''>', entitlements='(null)', teamID='AVNAFFGJTL', identifier='io.flutter.flutter', executablePath='<DVTFilePath:0x60002338b780:'/Users/dustin.liu82/Library/Developer/Xcode/Archives/2024-12-16/Runner 2024-12-16, 4.23 PM.xcarchive/Products/Applications/Runner.app/Frameworks/Flutter.framework/Flutter'>', hardenedRuntime='0'>'>
2024-12-16 08:59:24 +0000  Skipping profile for item: <IDEDistributionItem: 0x6000233c4ba0; bundleID='com.apple.dt.runtime.swiftConcurrency', path='<DVTFilePath:0x600023fcff70:'/Users/dustin.liu82/Library/Developer/Xcode/Archives/2024-12-16/Runner 2024-12-16, 4.23 PM.xcarchive/Products/Applications/Runner.app/Frameworks/libswift_Concurrency.dylib'>', codeSigningInfo='<_DVTCodeSigningInformation_Path: 0x600027129450; isSigned='1', isAdHocSigned='0', signingCertificate='<DVTSigningCertificate: 0x6000162a9b00; name='Apple Development: Zhaoling Liu (7C32QSSABJ)', hash='C3E70837A4165A29EC98D9900277365D1274FF56', serialNumber='380C9CC89C0127CF225CF0F9ACC236D1', certificateKinds='(
    "1.2.840.113635.100.6.1.12",
    "1.2.840.113635.100.6.1.2"
), issueDate='2024-12-16 04:31:29 +0000''>', entitlements='(null)', teamID='AVNAFFGJTL', identifier='com.apple.dt.runtime.swiftConcurrency', executablePath='<DVTFilePath:0x600023fcff70:'/Users/dustin.liu82/Library/Developer/Xcode/Archives/2024-12-16/Runner 2024-12-16, 4.23 PM.xcarchive/Products/Applications/Runner.app/Frameworks/libswift_Concurrency.dylib'>', hardenedRuntime='0'>'>
2024-12-16 08:59:24 +0000  Processing step: IDEDistributionInfoPlistStep
2024-12-16 08:59:24 +0000  Skipping step: IDEDistributionInfoPlistStep because it said so
2024-12-16 08:59:24 +0000  Skipping step: IDEDistributionInfoPlistStep because it said so
2024-12-16 08:59:24 +0000  Skipping step: IDEDistributionInfoPlistStep because it said so
2024-12-16 08:59:24 +0000  Skipping step: IDEDistributionInfoPlistStep because it said so
2024-12-16 08:59:24 +0000  Processing step: IDEDistributionAppThinningPlistStep
2024-12-16 08:59:24 +0000  Skipping step: IDEDistributionAppThinningPlistStep because it said so
2024-12-16 08:59:24 +0000  Processing step: IDEDistributionSymbolsStep
2024-12-16 08:59:24 +0000  Skipping step: IDEDistributionSymbolsStep because it said so
2024-12-16 08:59:24 +0000  Processing step: IDEDistributionAppThinningStep
2024-12-16 08:59:24 +0000  Skipping step: IDEDistributionAppThinningStep because it said so
2024-12-16 08:59:24 +0000  Processing step: IDEDistributionArchThinningStep
2024-12-16 08:59:24 +0000  Item /Users/dustin.liu82/Library/Developer/Xcode/Archives/2024-12-16/Runner 2024-12-16, 4.23 PM.xcarchive/Products/Applications/Runner.app/Frameworks/App.framework doesn't have the entitlement com.apple.developer.web-browser-engine.host enabled, returning ["arm64e"]
2024-12-16 08:59:24 +0000  Archs to thin for item /Users/dustin.liu82/Library/Developer/Xcode/Archives/2024-12-16/Runner 2024-12-16, 4.23 PM.xcarchive/Products/Applications/Runner.app/Frameworks/App.framework are ["arm64e"]
2024-12-16 08:59:24 +0000  Running /Applications/Xcode.app/Contents/Developer/Toolchains/XcodeDefault.xctoolchain/usr/bin/lipo '/var/folders/7j/jgrg5mm17mn726k0w82ht6bry65z1w/T/XcodeDistPipeline.~~~QQdCuf/Root/Payload/Runner.app/Frameworks/App.framework/App' '-verify_arch' 'arm64e'
2024-12-16 08:59:24 +0000  /Applications/Xcode.app/Contents/Developer/Toolchains/XcodeDefault.xctoolchain/usr/bin/lipo exited with 1
2024-12-16 08:59:24 +0000  Skipping architecture thinning for item "App" because arch "arm64e" wasn't found
2024-12-16 08:59:24 +0000  Item /Users/dustin.liu82/Library/Developer/Xcode/Archives/2024-12-16/Runner 2024-12-16, 4.23 PM.xcarchive/Products/Applications/Runner.app/Frameworks/Flutter.framework doesn't have the entitlement com.apple.developer.web-browser-engine.host enabled, returning ["arm64e"]
2024-12-16 08:59:24 +0000  Archs to thin for item /Users/dustin.liu82/Library/Developer/Xcode/Archives/2024-12-16/Runner 2024-12-16, 4.23 PM.xcarchive/Products/Applications/Runner.app/Frameworks/Flutter.framework are ["arm64e"]
2024-12-16 08:59:24 +0000  Running /Applications/Xcode.app/Contents/Developer/Toolchains/XcodeDefault.xctoolchain/usr/bin/lipo '/var/folders/7j/jgrg5mm17mn726k0w82ht6bry65z1w/T/XcodeDistPipeline.~~~QQdCuf/Root/Payload/Runner.app/Frameworks/Flutter.framework/Flutter' '-verify_arch' 'arm64e'
2024-12-16 08:59:24 +0000  /Applications/Xcode.app/Contents/Developer/Toolchains/XcodeDefault.xctoolchain/usr/bin/lipo exited with 1
2024-12-16 08:59:24 +0000  Skipping architecture thinning for item "Flutter" because arch "arm64e" wasn't found
2024-12-16 08:59:24 +0000  Item /Users/dustin.liu82/Library/Developer/Xcode/Archives/2024-12-16/Runner 2024-12-16, 4.23 PM.xcarchive/Products/Applications/Runner.app/Frameworks/libswift_Concurrency.dylib doesn't have the entitlement com.apple.developer.web-browser-engine.host enabled, returning ["arm64e"]
2024-12-16 08:59:24 +0000  Archs to thin for item /Users/dustin.liu82/Library/Developer/Xcode/Archives/2024-12-16/Runner 2024-12-16, 4.23 PM.xcarchive/Products/Applications/Runner.app/Frameworks/libswift_Concurrency.dylib are ["arm64e"]
2024-12-16 08:59:24 +0000  Running /Applications/Xcode.app/Contents/Developer/Toolchains/XcodeDefault.xctoolchain/usr/bin/lipo '/var/folders/7j/jgrg5mm17mn726k0w82ht6bry65z1w/T/XcodeDistPipeline.~~~QQdCuf/Root/Payload/Runner.app/Frameworks/libswift_Concurrency.dylib' '-verify_arch' 'arm64e'
2024-12-16 08:59:24 +0000  /Applications/Xcode.app/Contents/Developer/Toolchains/XcodeDefault.xctoolchain/usr/bin/lipo exited with 1
2024-12-16 08:59:24 +0000  Skipping architecture thinning for item "libswift_Concurrency.dylib" because arch "arm64e" wasn't found
2024-12-16 08:59:24 +0000  Item /Users/dustin.liu82/Library/Developer/Xcode/Archives/2024-12-16/Runner 2024-12-16, 4.23 PM.xcarchive/Products/Applications/Runner.app doesn't have the entitlement com.apple.developer.web-browser-engine.host enabled, returning ["arm64e"]
2024-12-16 08:59:24 +0000  Archs to thin for item /Users/dustin.liu82/Library/Developer/Xcode/Archives/2024-12-16/Runner 2024-12-16, 4.23 PM.xcarchive/Products/Applications/Runner.app are ["arm64e"]
2024-12-16 08:59:24 +0000  Running /Applications/Xcode.app/Contents/Developer/Toolchains/XcodeDefault.xctoolchain/usr/bin/lipo '/var/folders/7j/jgrg5mm17mn726k0w82ht6bry65z1w/T/XcodeDistPipeline.~~~QQdCuf/Root/Payload/Runner.app/Runner' '-verify_arch' 'arm64e'
2024-12-16 08:59:25 +0000  /Applications/Xcode.app/Contents/Developer/Toolchains/XcodeDefault.xctoolchain/usr/bin/lipo exited with 1
2024-12-16 08:59:25 +0000  Skipping architecture thinning for item "Runner" because arch "arm64e" wasn't found
2024-12-16 08:59:25 +0000  Processing step: IDEDistributionODRStep
2024-12-16 08:59:25 +0000  Processing step: IDEDistributionStripXattrsStep
2024-12-16 08:59:25 +0000  Skipping stripping extended attributes because the codesign step will strip them.
2024-12-16 08:59:25 +0000  Skipping stripping extended attributes because the codesign step will strip them.
2024-12-16 08:59:25 +0000  Skipping stripping extended attributes because the codesign step will strip them.
2024-12-16 08:59:25 +0000  Skipping stripping extended attributes because the codesign step will strip them.
2024-12-16 08:59:25 +0000  Processing step: IDEDistributionCodesignStep
2024-12-16 08:59:25 +0000  Entitlements for <IDEDistributionItem: 0x6000233931e0; bundleID='io.flutter.flutter.app', path='<DVTFilePath:0x60001fdd7720:'/Users/dustin.liu82/Library/Developer/Xcode/Archives/2024-12-16/Runner 2024-12-16, 4.23 PM.xcarchive/Products/Applications/Runner.app/Frameworks/App.framework'>', codeSigningInfo='<_DVTCodeSigningInformation_Path: 0x60002712a210; isSigned='1', isAdHocSigned='0', signingCertificate='<DVTSigningCertificate: 0x600012d80240; name='Apple Development: Zhaoling Liu (7C32QSSABJ)', hash='C3E70837A4165A29EC98D9900277365D1274FF56', serialNumber='380C9CC89C0127CF225CF0F9ACC236D1', certificateKinds='(
    "1.2.840.113635.100.6.1.12",
    "1.2.840.113635.100.6.1.2"
), issueDate='2024-12-16 04:31:29 +0000''>', entitlements='(null)', teamID='AVNAFFGJTL', identifier='io.flutter.flutter.app', executablePath='<DVTFilePath:0x600023377d80:'/Users/dustin.liu82/Library/Developer/Xcode/Archives/2024-12-16/Runner 2024-12-16, 4.23 PM.xcarchive/Products/Applications/Runner.app/Frameworks/App.framework/App'>', hardenedRuntime='0'>'>: {
}
2024-12-16 08:59:25 +0000  Associated App Clip Identifiers Filter: Skipping because "com.apple.developer.associated-appclip-app-identifiers" is not present
2024-12-16 08:59:25 +0000  Entitlements for <IDEDistributionItem: 0x6000233931e0; bundleID='io.flutter.flutter.app', path='<DVTFilePath:0x60001fdd7720:'/Users/dustin.liu82/Library/Developer/Xcode/Archives/2024-12-16/Runner 2024-12-16, 4.23 PM.xcarchive/Products/Applications/Runner.app/Frameworks/App.framework'>', codeSigningInfo='<_DVTCodeSigningInformation_Path: 0x60002712a210; isSigned='1', isAdHocSigned='0', signingCertificate='<DVTSigningCertificate: 0x6000162a9b00; name='Apple Development: Zhaoling Liu (7C32QSSABJ)', hash='C3E70837A4165A29EC98D9900277365D1274FF56', serialNumber='380C9CC89C0127CF225CF0F9ACC236D1', certificateKinds='(
    "1.2.840.113635.100.6.1.12",
    "1.2.840.113635.100.6.1.2"
), issueDate='2024-12-16 04:31:29 +0000''>', entitlements='(null)', teamID='AVNAFFGJTL', identifier='io.flutter.flutter.app', executablePath='<DVTFilePath:0x600023377d80:'/Users/dustin.liu82/Library/Developer/Xcode/Archives/2024-12-16/Runner 2024-12-16, 4.23 PM.xcarchive/Products/Applications/Runner.app/Frameworks/App.framework/App'>', hardenedRuntime='0'>'> are: {
}
2024-12-16 08:59:25 +0000  Writing entitlements for <IDEDistributionItem: 0x6000233931e0; bundleID='io.flutter.flutter.app', path='<DVTFilePath:0x60001fdd7720:'/Users/dustin.liu82/Library/Developer/Xcode/Archives/2024-12-16/Runner 2024-12-16, 4.23 PM.xcarchive/Products/Applications/Runner.app/Frameworks/App.framework'>', codeSigningInfo='<_DVTCodeSigningInformation_Path: 0x60002712a210; isSigned='1', isAdHocSigned='0', signingCertificate='<DVTSigningCertificate: 0x600012d83900; name='Apple Development: Zhaoling Liu (7C32QSSABJ)', hash='C3E70837A4165A29EC98D9900277365D1274FF56', serialNumber='380C9CC89C0127CF225CF0F9ACC236D1', certificateKinds='(
    "1.2.840.113635.100.6.1.12",
    "1.2.840.113635.100.6.1.2"
), issueDate='2024-12-16 04:31:29 +0000''>', entitlements='(null)', teamID='AVNAFFGJTL', identifier='io.flutter.flutter.app', executablePath='<DVTFilePath:0x600023377d80:'/Users/dustin.liu82/Library/Developer/Xcode/Archives/2024-12-16/Runner 2024-12-16, 4.23 PM.xcarchive/Products/Applications/Runner.app/Frameworks/App.framework/App'>', hardenedRuntime='0'>'> to: /var/folders/7j/jgrg5mm17mn726k0w82ht6bry65z1w/T/XcodeDistPipeline.~~~QQdCuf/entitlements~~~F83h2U
2024-12-16 08:59:25 +0000  invoking codesign: <NSConcreteTask: 0x6000276c7840; launchPath='/usr/bin/codesign', arguments='(
    "-f",
    "-s",
    F4F07DF2186EEF7B508A46897AE03BEA8AE0BD06,
    "--entitlements",
    "/var/folders/7j/jgrg5mm17mn726k0w82ht6bry65z1w/T/XcodeDistPipeline.~~~QQdCuf/entitlements~~~F83h2U",
    "--preserve-metadata=identifier,flags,runtime",
    "--generate-entitlement-der",
    "--strip-disallowed-xattrs",
    "-vvv",
    "/var/folders/7j/jgrg5mm17mn726k0w82ht6bry65z1w/T/XcodeDistPipeline.~~~QQdCuf/Root/Payload/Runner.app/Frameworks/App.framework"
)'>
2024-12-16 08:59:25 +0000  codesign output: /var/folders/7j/jgrg5mm17mn726k0w82ht6bry65z1w/T/XcodeDistPipeline.~~~QQdCuf/Root/Payload/Runner.app/Frameworks/App.framework: replacing existing signature
/var/folders/7j/jgrg5mm17mn726k0w82ht6bry65z1w/T/XcodeDistPipeline.~~~QQdCuf/Root/Payload/Runner.app/Frameworks/App.framework: signed bundle with Mach-O universal (arm64) [io.flutter.flutter.app]
2024-12-16 08:59:25 +0000  Entitlements for <IDEDistributionItem: 0x60002339ee20; bundleID='io.flutter.flutter', path='<DVTFilePath:0x600023fb43f0:'/Users/dustin.liu82/Library/Developer/Xcode/Archives/2024-12-16/Runner 2024-12-16, 4.23 PM.xcarchive/Products/Applications/Runner.app/Frameworks/Flutter.framework'>', codeSigningInfo='<_DVTCodeSigningInformation_Path: 0x600027109d60; isSigned='1', isAdHocSigned='0', signingCertificate='<DVTSigningCertificate: 0x6000162a9b00; name='Apple Development: Zhaoling Liu (7C32QSSABJ)', hash='C3E70837A4165A29EC98D9900277365D1274FF56', serialNumber='380C9CC89C0127CF225CF0F9ACC236D1', certificateKinds='(
    "1.2.840.113635.100.6.1.12",
    "1.2.840.113635.100.6.1.2"
), issueDate='2024-12-16 04:31:29 +0000''>', entitlements='(null)', teamID='AVNAFFGJTL', identifier='io.flutter.flutter', executablePath='<DVTFilePath:0x60002338b780:'/Users/dustin.liu82/Library/Developer/Xcode/Archives/2024-12-16/Runner 2024-12-16, 4.23 PM.xcarchive/Products/Applications/Runner.app/Frameworks/Flutter.framework/Flutter'>', hardenedRuntime='0'>'>: {
}
2024-12-16 08:59:25 +0000  Associated App Clip Identifiers Filter: Skipping because "com.apple.developer.associated-appclip-app-identifiers" is not present
2024-12-16 08:59:25 +0000  Entitlements for <IDEDistributionItem: 0x60002339ee20; bundleID='io.flutter.flutter', path='<DVTFilePath:0x600023fb43f0:'/Users/dustin.liu82/Library/Developer/Xcode/Archives/2024-12-16/Runner 2024-12-16, 4.23 PM.xcarchive/Products/Applications/Runner.app/Frameworks/Flutter.framework'>', codeSigningInfo='<_DVTCodeSigningInformation_Path: 0x600027109d60; isSigned='1', isAdHocSigned='0', signingCertificate='<DVTSigningCertificate: 0x6000162967c0; name='Apple Development: Zhaoling Liu (7C32QSSABJ)', hash='C3E70837A4165A29EC98D9900277365D1274FF56', serialNumber='380C9CC89C0127CF225CF0F9ACC236D1', certificateKinds='(
    "1.2.840.113635.100.6.1.12",
    "1.2.840.113635.100.6.1.2"
), issueDate='2024-12-16 04:31:29 +0000''>', entitlements='(null)', teamID='AVNAFFGJTL', identifier='io.flutter.flutter', executablePath='<DVTFilePath:0x60002338b780:'/Users/dustin.liu82/Library/Developer/Xcode/Archives/2024-12-16/Runner 2024-12-16, 4.23 PM.xcarchive/Products/Applications/Runner.app/Frameworks/Flutter.framework/Flutter'>', hardenedRuntime='0'>'> are: {
}
2024-12-16 08:59:25 +0000  Writing entitlements for <IDEDistributionItem: 0x60002339ee20; bundleID='io.flutter.flutter', path='<DVTFilePath:0x600023fb43f0:'/Users/dustin.liu82/Library/Developer/Xcode/Archives/2024-12-16/Runner 2024-12-16, 4.23 PM.xcarchive/Products/Applications/Runner.app/Frameworks/Flutter.framework'>', codeSigningInfo='<_DVTCodeSigningInformation_Path: 0x600027109d60; isSigned='1', isAdHocSigned='0', signingCertificate='<DVTSigningCertificate: 0x600012d80240; name='Apple Development: Zhaoling Liu (7C32QSSABJ)', hash='C3E70837A4165A29EC98D9900277365D1274FF56', serialNumber='380C9CC89C0127CF225CF0F9ACC236D1', certificateKinds='(
    "1.2.840.113635.100.6.1.12",
    "1.2.840.113635.100.6.1.2"
), issueDate='2024-12-16 04:31:29 +0000''>', entitlements='(null)', teamID='AVNAFFGJTL', identifier='io.flutter.flutter', executablePath='<DVTFilePath:0x60002338b780:'/Users/dustin.liu82/Library/Developer/Xcode/Archives/2024-12-16/Runner 2024-12-16, 4.23 PM.xcarchive/Products/Applications/Runner.app/Frameworks/Flutter.framework/Flutter'>', hardenedRuntime='0'>'> to: /var/folders/7j/jgrg5mm17mn726k0w82ht6bry65z1w/T/XcodeDistPipeline.~~~QQdCuf/entitlements~~~vjcTf1
2024-12-16 08:59:25 +0000  invoking codesign: <NSConcreteTask: 0x6000276c4d70; launchPath='/usr/bin/codesign', arguments='(
    "-f",
    "-s",
    F4F07DF2186EEF7B508A46897AE03BEA8AE0BD06,
    "--entitlements",
    "/var/folders/7j/jgrg5mm17mn726k0w82ht6bry65z1w/T/XcodeDistPipeline.~~~QQdCuf/entitlements~~~vjcTf1",
    "--preserve-metadata=identifier,flags,runtime",
    "--generate-entitlement-der",
    "--strip-disallowed-xattrs",
    "-vvv",
    "/var/folders/7j/jgrg5mm17mn726k0w82ht6bry65z1w/T/XcodeDistPipeline.~~~QQdCuf/Root/Payload/Runner.app/Frameworks/Flutter.framework"
)'>
2024-12-16 08:59:25 +0000  codesign output: /var/folders/7j/jgrg5mm17mn726k0w82ht6bry65z1w/T/XcodeDistPipeline.~~~QQdCuf/Root/Payload/Runner.app/Frameworks/Flutter.framework: replacing existing signature
/var/folders/7j/jgrg5mm17mn726k0w82ht6bry65z1w/T/XcodeDistPipeline.~~~QQdCuf/Root/Payload/Runner.app/Frameworks/Flutter.framework: signed bundle with Mach-O thin (arm64) [io.flutter.flutter]
2024-12-16 08:59:25 +0000  Entitlements for <IDEDistributionItem: 0x6000233c4ba0; bundleID='com.apple.dt.runtime.swiftConcurrency', path='<DVTFilePath:0x600023fcff70:'/Users/dustin.liu82/Library/Developer/Xcode/Archives/2024-12-16/Runner 2024-12-16, 4.23 PM.xcarchive/Products/Applications/Runner.app/Frameworks/libswift_Concurrency.dylib'>', codeSigningInfo='<_DVTCodeSigningInformation_Path: 0x600027129450; isSigned='1', isAdHocSigned='0', signingCertificate='<DVTSigningCertificate: 0x6000162ab900; name='Apple Development: Zhaoling Liu (7C32QSSABJ)', hash='C3E70837A4165A29EC98D9900277365D1274FF56', serialNumber='380C9CC89C0127CF225CF0F9ACC236D1', certificateKinds='(
    "1.2.840.113635.100.6.1.12",
    "1.2.840.113635.100.6.1.2"
), issueDate='2024-12-16 04:31:29 +0000''>', entitlements='(null)', teamID='AVNAFFGJTL', identifier='com.apple.dt.runtime.swiftConcurrency', executablePath='<DVTFilePath:0x600023fcff70:'/Users/dustin.liu82/Library/Developer/Xcode/Archives/2024-12-16/Runner 2024-12-16, 4.23 PM.xcarchive/Products/Applications/Runner.app/Frameworks/libswift_Concurrency.dylib'>', hardenedRuntime='0'>'>: {
}
2024-12-16 08:59:25 +0000  Associated App Clip Identifiers Filter: Skipping because "com.apple.developer.associated-appclip-app-identifiers" is not present
2024-12-16 08:59:25 +0000  Entitlements for <IDEDistributionItem: 0x6000233c4ba0; bundleID='com.apple.dt.runtime.swiftConcurrency', path='<DVTFilePath:0x600023fcff70:'/Users/dustin.liu82/Library/Developer/Xcode/Archives/2024-12-16/Runner 2024-12-16, 4.23 PM.xcarchive/Products/Applications/Runner.app/Frameworks/libswift_Concurrency.dylib'>', codeSigningInfo='<_DVTCodeSigningInformation_Path: 0x600027129450; isSigned='1', isAdHocSigned='0', signingCertificate='<DVTSigningCertificate: 0x600012d80240; name='Apple Development: Zhaoling Liu (7C32QSSABJ)', hash='C3E70837A4165A29EC98D9900277365D1274FF56', serialNumber='380C9CC89C0127CF225CF0F9ACC236D1', certificateKinds='(
    "1.2.840.113635.100.6.1.12",
    "1.2.840.113635.100.6.1.2"
), issueDate='2024-12-16 04:31:29 +0000''>', entitlements='(null)', teamID='AVNAFFGJTL', identifier='com.apple.dt.runtime.swiftConcurrency', executablePath='<DVTFilePath:0x600023fcff70:'/Users/dustin.liu82/Library/Developer/Xcode/Archives/2024-12-16/Runner 2024-12-16, 4.23 PM.xcarchive/Products/Applications/Runner.app/Frameworks/libswift_Concurrency.dylib'>', hardenedRuntime='0'>'> are: {
}
2024-12-16 08:59:25 +0000  Writing entitlements for <IDEDistributionItem: 0x6000233c4ba0; bundleID='com.apple.dt.runtime.swiftConcurrency', path='<DVTFilePath:0x600023fcff70:'/Users/dustin.liu82/Library/Developer/Xcode/Archives/2024-12-16/Runner 2024-12-16, 4.23 PM.xcarchive/Products/Applications/Runner.app/Frameworks/libswift_Concurrency.dylib'>', codeSigningInfo='<_DVTCodeSigningInformation_Path: 0x600027129450; isSigned='1', isAdHocSigned='0', signingCertificate='<DVTSigningCertificate: 0x600012d82280; name='Apple Development: Zhaoling Liu (7C32QSSABJ)', hash='C3E70837A4165A29EC98D9900277365D1274FF56', serialNumber='380C9CC89C0127CF225CF0F9ACC236D1', certificateKinds='(
    "1.2.840.113635.100.6.1.12",
    "1.2.840.113635.100.6.1.2"
), issueDate='2024-12-16 04:31:29 +0000''>', entitlements='(null)', teamID='AVNAFFGJTL', identifier='com.apple.dt.runtime.swiftConcurrency', executablePath='<DVTFilePath:0x600023fcff70:'/Users/dustin.liu82/Library/Developer/Xcode/Archives/2024-12-16/Runner 2024-12-16, 4.23 PM.xcarchive/Products/Applications/Runner.app/Frameworks/libswift_Concurrency.dylib'>', hardenedRuntime='0'>'> to: /var/folders/7j/jgrg5mm17mn726k0w82ht6bry65z1w/T/XcodeDistPipeline.~~~QQdCuf/entitlements~~~f4g8gj
2024-12-16 08:59:25 +0000  invoking codesign: <NSConcreteTask: 0x6000276c4780; launchPath='/usr/bin/codesign', arguments='(
    "-f",
    "-s",
    F4F07DF2186EEF7B508A46897AE03BEA8AE0BD06,
    "--entitlements",
    "/var/folders/7j/jgrg5mm17mn726k0w82ht6bry65z1w/T/XcodeDistPipeline.~~~QQdCuf/entitlements~~~f4g8gj",
    "--preserve-metadata=identifier,flags,runtime",
    "--generate-entitlement-der",
    "--strip-disallowed-xattrs",
    "-vvv",
    "/var/folders/7j/jgrg5mm17mn726k0w82ht6bry65z1w/T/XcodeDistPipeline.~~~QQdCuf/Root/Payload/Runner.app/Frameworks/libswift_Concurrency.dylib"
)'>
2024-12-16 08:59:25 +0000  codesign output: /var/folders/7j/jgrg5mm17mn726k0w82ht6bry65z1w/T/XcodeDistPipeline.~~~QQdCuf/Root/Payload/Runner.app/Frameworks/libswift_Concurrency.dylib: replacing existing signature
/var/folders/7j/jgrg5mm17mn726k0w82ht6bry65z1w/T/XcodeDistPipeline.~~~QQdCuf/Root/Payload/Runner.app/Frameworks/libswift_Concurrency.dylib: signed Mach-O thin (arm64) [com.apple.dt.runtime.swiftConcurrency]
2024-12-16 08:59:25 +0000  Entitlements for <IDEDistributionItem: 0x60002338bf60; bundleID='com.mycompany.yellowribbonstudygrowingsystem', path='<DVTFilePath:0x600023376e20:'/Users/dustin.liu82/Library/Developer/Xcode/Archives/2024-12-16/Runner 2024-12-16, 4.23 PM.xcarchive/Products/Applications/Runner.app'>', codeSigningInfo='<_DVTCodeSigningInformation_Path: 0x60002710a580; isSigned='1', isAdHocSigned='0', signingCertificate='<DVTSigningCertificate: 0x6000162967c0; name='Apple Development: Zhaoling Liu (7C32QSSABJ)', hash='C3E70837A4165A29EC98D9900277365D1274FF56', serialNumber='380C9CC89C0127CF225CF0F9ACC236D1', certificateKinds='(
    "1.2.840.113635.100.6.1.12",
    "1.2.840.113635.100.6.1.2"
), issueDate='2024-12-16 04:31:29 +0000''>', entitlements='{
    "application-identifier" = "AVNAFFGJTL.com.mycompany.yellowribbonstudygrowingsystem";
    "com.apple.developer.team-identifier" = AVNAFFGJTL;
    "get-task-allow" = 1;
}', teamID='AVNAFFGJTL', identifier='com.mycompany.yellowribbonstudygrowingsystem', executablePath='<DVTFilePath:0x600023384600:'/Users/dustin.liu82/Library/Developer/Xcode/Archives/2024-12-16/Runner 2024-12-16, 4.23 PM.xcarchive/Products/Applications/Runner.app/Runner'>', hardenedRuntime='0'>'>: {
    "application-identifier" = "AVNAFFGJTL.com.mycompany.yellowribbonstudygrowingsystem";
    "com.apple.developer.team-identifier" = AVNAFFGJTL;
    "get-task-allow" = 0;
}
2024-12-16 08:59:25 +0000  Associated App Clip Identifiers Filter: Skipping because "com.apple.developer.associated-appclip-app-identifiers" is not present
2024-12-16 08:59:25 +0000  Entitlements for <IDEDistributionItem: 0x60002338bf60; bundleID='com.mycompany.yellowribbonstudygrowingsystem', path='<DVTFilePath:0x600023376e20:'/Users/dustin.liu82/Library/Developer/Xcode/Archives/2024-12-16/Runner 2024-12-16, 4.23 PM.xcarchive/Products/Applications/Runner.app'>', codeSigningInfo='<_DVTCodeSigningInformation_Path: 0x60002710a580; isSigned='1', isAdHocSigned='0', signingCertificate='<DVTSigningCertificate: 0x600016295bc0; name='Apple Development: Zhaoling Liu (7C32QSSABJ)', hash='C3E70837A4165A29EC98D9900277365D1274FF56', serialNumber='380C9CC89C0127CF225CF0F9ACC236D1', certificateKinds='(
    "1.2.840.113635.100.6.1.12",
    "1.2.840.113635.100.6.1.2"
), issueDate='2024-12-16 04:31:29 +0000''>', entitlements='{
    "application-identifier" = "AVNAFFGJTL.com.mycompany.yellowribbonstudygrowingsystem";
    "com.apple.developer.team-identifier" = AVNAFFGJTL;
    "get-task-allow" = 1;
}', teamID='AVNAFFGJTL', identifier='com.mycompany.yellowribbonstudygrowingsystem', executablePath='<DVTFilePath:0x600023384600:'/Users/dustin.liu82/Library/Developer/Xcode/Archives/2024-12-16/Runner 2024-12-16, 4.23 PM.xcarchive/Products/Applications/Runner.app/Runner'>', hardenedRuntime='0'>'> are: {
    "application-identifier" = "AVNAFFGJTL.com.mycompany.yellowribbonstudygrowingsystem";
    "com.apple.developer.team-identifier" = AVNAFFGJTL;
    "get-task-allow" = 0;
}
2024-12-16 08:59:25 +0000  Writing entitlements for <IDEDistributionItem: 0x60002338bf60; bundleID='com.mycompany.yellowribbonstudygrowingsystem', path='<DVTFilePath:0x600023376e20:'/Users/dustin.liu82/Library/Developer/Xcode/Archives/2024-12-16/Runner 2024-12-16, 4.23 PM.xcarchive/Products/Applications/Runner.app'>', codeSigningInfo='<_DVTCodeSigningInformation_Path: 0x60002710a580; isSigned='1', isAdHocSigned='0', signingCertificate='<DVTSigningCertificate: 0x600016294000; name='Apple Development: Zhaoling Liu (7C32QSSABJ)', hash='C3E70837A4165A29EC98D9900277365D1274FF56', serialNumber='380C9CC89C0127CF225CF0F9ACC236D1', certificateKinds='(
    "1.2.840.113635.100.6.1.12",
    "1.2.840.113635.100.6.1.2"
), issueDate='2024-12-16 04:31:29 +0000''>', entitlements='{
    "application-identifier" = "AVNAFFGJTL.com.mycompany.yellowribbonstudygrowingsystem";
    "com.apple.developer.team-identifier" = AVNAFFGJTL;
    "get-task-allow" = 1;
}', teamID='AVNAFFGJTL', identifier='com.mycompany.yellowribbonstudygrowingsystem', executablePath='<DVTFilePath:0x600023384600:'/Users/dustin.liu82/Library/Developer/Xcode/Archives/2024-12-16/Runner 2024-12-16, 4.23 PM.xcarchive/Products/Applications/Runner.app/Runner'>', hardenedRuntime='0'>'> to: /var/folders/7j/jgrg5mm17mn726k0w82ht6bry65z1w/T/XcodeDistPipeline.~~~QQdCuf/entitlements~~~rsYF0F
2024-12-16 08:59:25 +0000  invoking codesign: <NSConcreteTask: 0x6000276c6120; launchPath='/usr/bin/codesign', arguments='(
    "-f",
    "-s",
    F4F07DF2186EEF7B508A46897AE03BEA8AE0BD06,
    "--entitlements",
    "/var/folders/7j/jgrg5mm17mn726k0w82ht6bry65z1w/T/XcodeDistPipeline.~~~QQdCuf/entitlements~~~rsYF0F",
    "--preserve-metadata=identifier,flags,runtime",
    "--generate-entitlement-der",
    "--strip-disallowed-xattrs",
    "-vvv",
    "/var/folders/7j/jgrg5mm17mn726k0w82ht6bry65z1w/T/XcodeDistPipeline.~~~QQdCuf/Root/Payload/Runner.app"
)'>
2024-12-16 08:59:25 +0000  codesign output: /var/folders/7j/jgrg5mm17mn726k0w82ht6bry65z1w/T/XcodeDistPipeline.~~~QQdCuf/Root/Payload/Runner.app: replacing existing signature
/var/folders/7j/jgrg5mm17mn726k0w82ht6bry65z1w/T/XcodeDistPipeline.~~~QQdCuf/Root/Payload/Runner.app: signed app bundle with Mach-O thin (arm64) [com.mycompany.yellowribbonstudygrowingsystem]
2024-12-16 08:59:25 +0000  Processing step: IDEDistributionZipODRItemStep
2024-12-16 08:59:25 +0000  Skipping step: IDEDistributionZipODRItemStep because it said so
2024-12-16 08:59:25 +0000  Skipping step: IDEDistributionZipODRItemStep because it said so
2024-12-16 08:59:25 +0000  Skipping step: IDEDistributionZipODRItemStep because it said so
2024-12-16 08:59:25 +0000  Skipping step: IDEDistributionZipODRItemStep because it said so
2024-12-16 08:59:25 +0000  Processing step: IDEDistributionCreateIPAStep
2024-12-16 08:59:25 +0000  Running /usr/bin/ditto '-V' '-c' '-k' '--norsrc' '/var/folders/7j/jgrg5mm17mn726k0w82ht6bry65z1w/T/XcodeDistPipeline.~~~QQdCuf/Root' '/var/folders/7j/jgrg5mm17mn726k0w82ht6bry65z1w/T/XcodeDistPipeline.~~~QQdCuf/Packages/YellowRibbonStudyGrowingSystem.ipa'
2024-12-16 08:59:25 +0000  >>> Copying /var/folders/7j/jgrg5mm17mn726k0w82ht6bry65z1w/T/XcodeDistPipeline.~~~QQdCuf/Root 
2024-12-16 08:59:25 +0000  copying file ./Payload/Runner.app/FirebaseAuth_Privacy.bundle/PrivacyInfo.xcprivacy ... 
2024-12-16 08:59:25 +0000  2102 bytes for ./Payload/Runner.app/FirebaseAuth_Privacy.bundle/PrivacyInfo.xcprivacy
2024-12-16 08:59:25 +0000  copying file ./Payload/Runner.app/FirebaseAuth_Privacy.bundle/Info.plist ... 
2024-12-16 08:59:25 +0000  793 bytes for ./Payload/Runner.app/FirebaseAuth_Privacy.bundle/Info.plist
2024-12-16 08:59:25 +0000  copying file ./Payload/Runner.app/_CodeSignature/CodeResources ... 
2024-12-16 08:59:25 +0000  37059 bytes for ./Payload/Runner.app/_CodeSignature/CodeResources
2024-12-16 08:59:25 +0000  copying file ./Payload/Runner.app/FirebaseCore_Privacy.bundle/PrivacyInfo.xcprivacy ... 
2024-12-16 08:59:25 +0000  855 bytes for ./Payload/Runner.app/FirebaseCore_Privacy.bundle/PrivacyInfo.xcprivacy
2024-12-16 08:59:25 +0000  copying file ./Payload/Runner.app/FirebaseCore_Privacy.bundle/Info.plist ... 
2024-12-16 08:59:25 +0000  793 bytes for ./Payload/Runner.app/FirebaseCore_Privacy.bundle/Info.plist
2024-12-16 08:59:25 +0000  copying file ./Payload/Runner.app/en.lproj/InfoPlist.strings ... 
2024-12-16 08:59:25 +0000  102 bytes for ./Payload/Runner.app/en.lproj/InfoPlist.strings
2024-12-16 08:59:25 +0000  copying file ./Payload/Runner.app/FirebaseRemoteConfig_Privacy.bundle/PrivacyInfo.xcprivacy ... 
2024-12-16 08:59:25 +0000  1482 bytes for ./Payload/Runner.app/FirebaseRemoteConfig_Privacy.bundle/PrivacyInfo.xcprivacy
2024-12-16 08:59:25 +0000  copying file ./Payload/Runner.app/FirebaseRemoteConfig_Privacy.bundle/Info.plist ... 
2024-12-16 08:59:25 +0000  809 bytes for ./Payload/Runner.app/FirebaseRemoteConfig_Privacy.bundle/Info.plist
2024-12-16 08:59:25 +0000  copying file ./Payload/Runner.app/FirebaseFirestore_Privacy.bundle/PrivacyInfo.xcprivacy ... 
2024-12-16 08:59:25 +0000  1105 bytes for ./Payload/Runner.app/FirebaseFirestore_Privacy.bundle/PrivacyInfo.xcprivacy
2024-12-16 08:59:25 +0000  copying file ./Payload/Runner.app/FirebaseFirestore_Privacy.bundle/Info.plist ... 
2024-12-16 08:59:25 +0000  803 bytes for ./Payload/Runner.app/FirebaseFirestore_Privacy.bundle/Info.plist
2024-12-16 08:59:25 +0000  copying file ./Payload/Runner.app/FirebaseFirestoreGRPCBoringSSLBinary_Privacy.bundle/PrivacyInfo.xcprivacy ... 
2024-12-16 08:59:25 +0000  817 bytes for ./Payload/Runner.app/FirebaseFirestoreGRPCBoringSSLBinary_Privacy.bundle/PrivacyInfo.xcprivacy
2024-12-16 08:59:25 +0000  copying file ./Payload/Runner.app/FirebaseFirestoreGRPCBoringSSLBinary_Privacy.bundle/Info.plist ... 
2024-12-16 08:59:25 +0000  841 bytes for ./Payload/Runner.app/FirebaseFirestoreGRPCBoringSSLBinary_Privacy.bundle/Info.plist
2024-12-16 08:59:25 +0000  copying file ./Payload/Runner.app/FirebaseFirestoreGRPCCoreBinary_Privacy.bundle/PrivacyInfo.xcprivacy ... 
2024-12-16 08:59:25 +0000  817 bytes for ./Payload/Runner.app/FirebaseFirestoreGRPCCoreBinary_Privacy.bundle/PrivacyInfo.xcprivacy
2024-12-16 08:59:25 +0000  copying file ./Payload/Runner.app/FirebaseFirestoreGRPCCoreBinary_Privacy.bundle/Info.plist ... 
2024-12-16 08:59:25 +0000  831 bytes for ./Payload/Runner.app/FirebaseFirestoreGRPCCoreBinary_Privacy.bundle/Info.plist
2024-12-16 08:59:25 +0000  copying file ./Payload/Runner.app/FBLPromises_Privacy.bundle/PrivacyInfo.xcprivacy ... 
2024-12-16 08:59:25 +0000  373 bytes for ./Payload/Runner.app/FBLPromises_Privacy.bundle/PrivacyInfo.xcprivacy
2024-12-16 08:59:25 +0000  copying file ./Payload/Runner.app/FBLPromises_Privacy.bundle/Info.plist ... 
2024-12-16 08:59:25 +0000  790 bytes for ./Payload/Runner.app/FBLPromises_Privacy.bundle/Info.plist
2024-12-16 08:59:25 +0000  copying file ./Payload/Runner.app/shared_preferences_foundation_privacy.bundle/PrivacyInfo.xcprivacy ... 
2024-12-16 08:59:25 +0000  598 bytes for ./Payload/Runner.app/shared_preferences_foundation_privacy.bundle/PrivacyInfo.xcprivacy
2024-12-16 08:59:25 +0000  copying file ./Payload/Runner.app/shared_preferences_foundation_privacy.bundle/Info.plist ... 
2024-12-16 08:59:25 +0000  826 bytes for ./Payload/Runner.app/shared_preferences_foundation_privacy.bundle/Info.plist
2024-12-16 08:59:25 +0000  copying file ./Payload/Runner.app/AppIcon60x60@2x.png ... 
2024-12-16 08:59:25 +0000  3364 bytes for ./Payload/Runner.app/AppIcon60x60@2x.png
2024-12-16 08:59:25 +0000  copying file ./Payload/Runner.app/Runner ... 
2024-12-16 08:59:26 +0000  13021264 bytes for ./Payload/Runner.app/Runner
2024-12-16 08:59:26 +0000  copying file ./Payload/Runner.app/path_provider_foundation_privacy.bundle/PrivacyInfo.xcprivacy ... 
373 bytes for ./Payload/Runner.app/path_provider_foundation_privacy.bundle/PrivacyInfo.xcprivacy
copying file ./Payload/Runner.app/path_provider_foundation_privacy.bundle/Info.plist ... 
816 bytes for ./Payload/Runner.app/path_provider_foundation_privacy.bundle/Info.plist
2024-12-16 08:59:26 +0000  copying file ./Payload/Runner.app/FirebaseCoreInternal_Privacy.bundle/PrivacyInfo.xcprivacy ... 
2024-12-16 08:59:26 +0000  855 bytes for ./Payload/Runner.app/FirebaseCoreInternal_Privacy.bundle/PrivacyInfo.xcprivacy
copying file ./Payload/Runner.app/FirebaseCoreInternal_Privacy.bundle/Info.plist ... 
2024-12-16 08:59:26 +0000  809 bytes for ./Payload/Runner.app/FirebaseCoreInternal_Privacy.bundle/Info.plist
2024-12-16 08:59:26 +0000  copying file ./Payload/Runner.app/GoogleDataTransport_Privacy.bundle/PrivacyInfo.xcprivacy ... 
2024-12-16 08:59:26 +0000  1105 bytes for ./Payload/Runner.app/GoogleDataTransport_Privacy.bundle/PrivacyInfo.xcprivacy
copying file ./Payload/Runner.app/GoogleDataTransport_Privacy.bundle/Info.plist ... 
2024-12-16 08:59:26 +0000  807 bytes for ./Payload/Runner.app/GoogleDataTransport_Privacy.bundle/Info.plist
2024-12-16 08:59:26 +0000  copying file ./Payload/Runner.app/nanopb_Privacy.bundle/PrivacyInfo.xcprivacy ... 
2024-12-16 08:59:26 +0000  374 bytes for ./Payload/Runner.app/nanopb_Privacy.bundle/PrivacyInfo.xcprivacy
copying file ./Payload/Runner.app/nanopb_Privacy.bundle/Info.plist ... 
2024-12-16 08:59:26 +0000  782 bytes for ./Payload/Runner.app/nanopb_Privacy.bundle/Info.plist
copying file ./Payload/Runner.app/GoogleService-Info.plist ... 
2024-12-16 08:59:26 +0000  488 bytes for ./Payload/Runner.app/GoogleService-Info.plist
2024-12-16 08:59:26 +0000  copying file ./Payload/Runner.app/FirebaseCoreExtension_Privacy.bundle/PrivacyInfo.xcprivacy ... 
2024-12-16 08:59:26 +0000  478 bytes for ./Payload/Runner.app/FirebaseCoreExtension_Privacy.bundle/PrivacyInfo.xcprivacy
copying file ./Payload/Runner.app/FirebaseCoreExtension_Privacy.bundle/Info.plist ... 
2024-12-16 08:59:26 +0000  811 bytes for ./Payload/Runner.app/FirebaseCoreExtension_Privacy.bundle/Info.plist
2024-12-16 08:59:26 +0000  copying file ./Payload/Runner.app/zh_Hant.lproj/InfoPlist.strings ... 
2024-12-16 08:59:26 +0000  101 bytes for ./Payload/Runner.app/zh_Hant.lproj/InfoPlist.strings
2024-12-16 08:59:26 +0000  copying file ./Payload/Runner.app/FirebaseFirestoreAbseilBinary_Privacy.bundle/PrivacyInfo.xcprivacy ... 
2024-12-16 08:59:26 +0000  380 bytes for ./Payload/Runner.app/FirebaseFirestoreAbseilBinary_Privacy.bundle/PrivacyInfo.xcprivacy
copying file ./Payload/Runner.app/FirebaseFirestoreAbseilBinary_Privacy.bundle/Info.plist ... 
2024-12-16 08:59:26 +0000  835 bytes for ./Payload/Runner.app/FirebaseFirestoreAbseilBinary_Privacy.bundle/Info.plist
2024-12-16 08:59:26 +0000  copying file ./Payload/Runner.app/Base.lproj/Main.storyboardc/UIViewController-BYZ-38-t0r.nib ... 
2024-12-16 08:59:26 +0000  951 bytes for ./Payload/Runner.app/Base.lproj/Main.storyboardc/UIViewController-BYZ-38-t0r.nib
copying file ./Payload/Runner.app/Base.lproj/Main.storyboardc/BYZ-38-t0r-view-8bC-Xf-vdC.nib ... 
2024-12-16 08:59:26 +0000  1835 bytes for ./Payload/Runner.app/Base.lproj/Main.storyboardc/BYZ-38-t0r-view-8bC-Xf-vdC.nib
copying file ./Payload/Runner.app/Base.lproj/Main.storyboardc/Info.plist ... 
2024-12-16 08:59:26 +0000  258 bytes for ./Payload/Runner.app/Base.lproj/Main.storyboardc/Info.plist
2024-12-16 08:59:26 +0000  copying file ./Payload/Runner.app/Base.lproj/LaunchScreen.storyboardc/01J-lp-oVM-view-Ze5-6b-2t3.nib ... 
2024-12-16 08:59:26 +0000  2281 bytes for ./Payload/Runner.app/Base.lproj/LaunchScreen.storyboardc/01J-lp-oVM-view-Ze5-6b-2t3.nib
2024-12-16 08:59:26 +0000  copying file ./Payload/Runner.app/Base.lproj/LaunchScreen.storyboardc/UIViewController-01J-lp-oVM.nib ... 
2024-12-16 08:59:26 +0000  924 bytes for ./Payload/Runner.app/Base.lproj/LaunchScreen.storyboardc/UIViewController-01J-lp-oVM.nib
2024-12-16 08:59:26 +0000  copying file ./Payload/Runner.app/Base.lproj/LaunchScreen.storyboardc/Info.plist ... 
2024-12-16 08:59:26 +0000  258 bytes for ./Payload/Runner.app/Base.lproj/LaunchScreen.storyboardc/Info.plist
2024-12-16 08:59:26 +0000  copying file ./Payload/Runner.app/fluttertoast_privacy.bundle/PrivacyInfo.xcprivacy ... 
2024-12-16 08:59:26 +0000  373 bytes for ./Payload/Runner.app/fluttertoast_privacy.bundle/PrivacyInfo.xcprivacy
2024-12-16 08:59:26 +0000  copying file ./Payload/Runner.app/fluttertoast_privacy.bundle/Info.plist ... 
2024-12-16 08:59:26 +0000  792 bytes for ./Payload/Runner.app/fluttertoast_privacy.bundle/Info.plist
2024-12-16 08:59:26 +0000  copying file ./Payload/Runner.app/Toast.bundle/PrivacyInfo.xcprivacy ... 
2024-12-16 08:59:26 +0000  372 bytes for ./Payload/Runner.app/Toast.bundle/PrivacyInfo.xcprivacy
2024-12-16 08:59:26 +0000  copying file ./Payload/Runner.app/Toast.bundle/Info.plist ... 
2024-12-16 08:59:26 +0000  760 bytes for ./Payload/Runner.app/Toast.bundle/Info.plist
2024-12-16 08:59:26 +0000  copying file ./Payload/Runner.app/GTMSessionFetcher_Core_Privacy.bundle/PrivacyInfo.xcprivacy ... 
2024-12-16 08:59:26 +0000  598 bytes for ./Payload/Runner.app/GTMSessionFetcher_Core_Privacy.bundle/PrivacyInfo.xcprivacy
2024-12-16 08:59:26 +0000  copying file ./Payload/Runner.app/GTMSessionFetcher_Core_Privacy.bundle/Info.plist ... 
2024-12-16 08:59:26 +0000  812 bytes for ./Payload/Runner.app/GTMSessionFetcher_Core_Privacy.bundle/Info.plist
2024-12-16 08:59:26 +0000  copying file ./Payload/Runner.app/FirebaseFirestoreInternalBinary_Privacy.bundle/PrivacyInfo.xcprivacy ... 
2024-12-16 08:59:26 +0000  1105 bytes for ./Payload/Runner.app/FirebaseFirestoreInternalBinary_Privacy.bundle/PrivacyInfo.xcprivacy
2024-12-16 08:59:26 +0000  copying file ./Payload/Runner.app/FirebaseFirestoreInternalBinary_Privacy.bundle/Info.plist ... 
2024-12-16 08:59:26 +0000  831 bytes for ./Payload/Runner.app/FirebaseFirestoreInternalBinary_Privacy.bundle/Info.plist
2024-12-16 08:59:26 +0000  copying file ./Payload/Runner.app/Assets.car ... 
2024-12-16 08:59:26 +0000  93343 bytes for ./Payload/Runner.app/Assets.car
copying file ./Payload/Runner.app/AppFrameworkInfo.plist ... 
2024-12-16 08:59:26 +0000  402 bytes for ./Payload/Runner.app/AppFrameworkInfo.plist
2024-12-16 08:59:26 +0000  copying file ./Payload/Runner.app/FirebaseInstallations_Privacy.bundle/PrivacyInfo.xcprivacy ... 
2024-12-16 08:59:26 +0000  1105 bytes for ./Payload/Runner.app/FirebaseInstallations_Privacy.bundle/PrivacyInfo.xcprivacy
2024-12-16 08:59:26 +0000  copying file ./Payload/Runner.app/FirebaseInstallations_Privacy.bundle/Info.plist ... 
811 bytes for ./Payload/Runner.app/FirebaseInstallations_Privacy.bundle/Info.plist
copying file ./Payload/Runner.app/AppIcon76x76@2x~ipad.png ... 
2024-12-16 08:59:26 +0000  4121 bytes for ./Payload/Runner.app/AppIcon76x76@2x~ipad.png
2024-12-16 08:59:26 +0000  copying file ./Payload/Runner.app/GoogleUtilities_Privacy.bundle/PrivacyInfo.xcprivacy ... 
2024-12-16 08:59:26 +0000  1233 bytes for ./Payload/Runner.app/GoogleUtilities_Privacy.bundle/PrivacyInfo.xcprivacy
2024-12-16 08:59:26 +0000  copying file ./Payload/Runner.app/GoogleUtilities_Privacy.bundle/Info.plist ... 
2024-12-16 08:59:26 +0000  798 bytes for ./Payload/Runner.app/GoogleUtilities_Privacy.bundle/Info.plist
2024-12-16 08:59:26 +0000  copying file ./Payload/Runner.app/leveldb_Privacy.bundle/PrivacyInfo.xcprivacy ... 
2024-12-16 08:59:26 +0000  856 bytes for ./Payload/Runner.app/leveldb_Privacy.bundle/PrivacyInfo.xcprivacy
2024-12-16 08:59:26 +0000  copying file ./Payload/Runner.app/leveldb_Privacy.bundle/Info.plist ... 
2024-12-16 08:59:26 +0000  783 bytes for ./Payload/Runner.app/leveldb_Privacy.bundle/Info.plist
2024-12-16 08:59:26 +0000  copying file ./Payload/Runner.app/PrivacyInfo.xcprivacy ... 
2024-12-16 08:59:26 +0000  181 bytes for ./Payload/Runner.app/PrivacyInfo.xcprivacy
2024-12-16 08:59:26 +0000  copying file ./Payload/Runner.app/sqflite_darwin_privacy.bundle/PrivacyInfo.xcprivacy ... 
2024-12-16 08:59:26 +0000  372 bytes for ./Payload/Runner.app/sqflite_darwin_privacy.bundle/PrivacyInfo.xcprivacy
2024-12-16 08:59:26 +0000  copying file ./Payload/Runner.app/sqflite_darwin_privacy.bundle/Info.plist ... 
2024-12-16 08:59:26 +0000  796 bytes for ./Payload/Runner.app/sqflite_darwin_privacy.bundle/Info.plist
2024-12-16 08:59:26 +0000  copying file ./Payload/Runner.app/url_launcher_ios_privacy.bundle/PrivacyInfo.xcprivacy ... 
2024-12-16 08:59:26 +0000  373 bytes for ./Payload/Runner.app/url_launcher_ios_privacy.bundle/PrivacyInfo.xcprivacy
2024-12-16 08:59:26 +0000  copying file ./Payload/Runner.app/url_launcher_ios_privacy.bundle/Info.plist ... 
2024-12-16 08:59:26 +0000  800 bytes for ./Payload/Runner.app/url_launcher_ios_privacy.bundle/Info.plist
2024-12-16 08:59:26 +0000  copying file ./Payload/Runner.app/FirebaseFirestoreGRPCCPPBinary_Privacy.bundle/PrivacyInfo.xcprivacy ... 
2024-12-16 08:59:26 +0000  817 bytes for ./Payload/Runner.app/FirebaseFirestoreGRPCCPPBinary_Privacy.bundle/PrivacyInfo.xcprivacy
2024-12-16 08:59:26 +0000  copying file ./Payload/Runner.app/FirebaseFirestoreGRPCCPPBinary_Privacy.bundle/Info.plist ... 
2024-12-16 08:59:26 +0000  829 bytes for ./Payload/Runner.app/FirebaseFirestoreGRPCCPPBinary_Privacy.bundle/Info.plist
2024-12-16 08:59:26 +0000  copying file ./Payload/Runner.app/Frameworks/libswift_Concurrency.dylib ... 
2024-12-16 08:59:26 +0000  557584 bytes for ./Payload/Runner.app/Frameworks/libswift_Concurrency.dylib
2024-12-16 08:59:26 +0000  copying file ./Payload/Runner.app/Frameworks/Flutter.framework/_CodeSignature/CodeResources ... 
2024-12-16 08:59:26 +0000  6336 bytes for ./Payload/Runner.app/Frameworks/Flutter.framework/_CodeSignature/CodeResources
2024-12-16 08:59:26 +0000  copying file ./Payload/Runner.app/Frameworks/Flutter.framework/icudtl.dat ... 
2024-12-16 08:59:26 +0000  778864 bytes for ./Payload/Runner.app/Frameworks/Flutter.framework/icudtl.dat
copying file ./Payload/Runner.app/Frameworks/Flutter.framework/Flutter ... 
2024-12-16 08:59:26 +0000  9755312 bytes for ./Payload/Runner.app/Frameworks/Flutter.framework/Flutter
2024-12-16 08:59:26 +0000  copying file ./Payload/Runner.app/Frameworks/Flutter.framework/Headers/FlutterEngine.h ... 
2024-12-16 08:59:26 +0000  20724 bytes for ./Payload/Runner.app/Frameworks/Flutter.framework/Headers/FlutterEngine.h
copying file ./Payload/Runner.app/Frameworks/Flutter.framework/Headers/FlutterChannels.h ... 
2024-12-16 08:59:26 +0000  18414 bytes for ./Payload/Runner.app/Frameworks/Flutter.framework/Headers/FlutterChannels.h
2024-12-16 08:59:26 +0000  copying file ./Payload/Runner.app/Frameworks/Flutter.framework/Headers/FlutterPlugin.h ... 
2024-12-16 08:59:26 +0000  16277 bytes for ./Payload/Runner.app/Frameworks/Flutter.framework/Headers/FlutterPlugin.h
copying file ./Payload/Runner.app/Frameworks/Flutter.framework/Headers/FlutterAppDelegate.h ... 
2024-12-16 08:59:26 +0000  1271 bytes for ./Payload/Runner.app/Frameworks/Flutter.framework/Headers/FlutterAppDelegate.h
2024-12-16 08:59:26 +0000  copying file ./Payload/Runner.app/Frameworks/Flutter.framework/Headers/FlutterTexture.h ... 
2024-12-16 08:59:26 +0000  2263 bytes for ./Payload/Runner.app/Frameworks/Flutter.framework/Headers/FlutterTexture.h
2024-12-16 08:59:26 +0000  copying file ./Payload/Runner.app/Frameworks/Flutter.framework/Headers/FlutterEngineGroup.h ... 
2024-12-16 08:59:26 +0000  4757 bytes for ./Payload/Runner.app/Frameworks/Flutter.framework/Headers/FlutterEngineGroup.h
2024-12-16 08:59:26 +0000  copying file ./Payload/Runner.app/Frameworks/Flutter.framework/Headers/FlutterPlatformViews.h ... 
2024-12-16 08:59:26 +0000  1967 bytes for ./Payload/Runner.app/Frameworks/Flutter.framework/Headers/FlutterPlatformViews.h
2024-12-16 08:59:26 +0000  copying file ./Payload/Runner.app/Frameworks/Flutter.framework/Headers/FlutterHeadlessDartRunner.h ... 
2024-12-16 08:59:26 +0000  3927 bytes for ./Payload/Runner.app/Frameworks/Flutter.framework/Headers/FlutterHeadlessDartRunner.h
2024-12-16 08:59:26 +0000  copying file ./Payload/Runner.app/Frameworks/Flutter.framework/Headers/FlutterCodecs.h ... 
2024-12-16 08:59:26 +0000  15290 bytes for ./Payload/Runner.app/Frameworks/Flutter.framework/Headers/FlutterCodecs.h
2024-12-16 08:59:26 +0000  copying file ./Payload/Runner.app/Frameworks/Flutter.framework/Headers/Flutter.h ... 
2024-12-16 08:59:26 +0000  854 bytes for ./Payload/Runner.app/Frameworks/Flutter.framework/Headers/Flutter.h
2024-12-16 08:59:26 +0000  copying file ./Payload/Runner.app/Frameworks/Flutter.framework/Headers/FlutterViewController.h ... 
2024-12-16 08:59:26 +0000  10148 bytes for ./Payload/Runner.app/Frameworks/Flutter.framework/Headers/FlutterViewController.h
2024-12-16 08:59:26 +0000  copying file ./Payload/Runner.app/Frameworks/Flutter.framework/Headers/FlutterMacros.h ... 
2024-12-16 08:59:26 +0000  1823 bytes for ./Payload/Runner.app/Frameworks/Flutter.framework/Headers/FlutterMacros.h
2024-12-16 08:59:26 +0000  copying file ./Payload/Runner.app/Frameworks/Flutter.framework/Headers/FlutterDartProject.h ... 
2024-12-16 08:59:26 +0000  3914 bytes for ./Payload/Runner.app/Frameworks/Flutter.framework/Headers/FlutterDartProject.h
2024-12-16 08:59:26 +0000  copying file ./Payload/Runner.app/Frameworks/Flutter.framework/Headers/FlutterPluginAppLifeCycleDelegate.h ... 
2024-12-16 08:59:26 +0000  5318 bytes for ./Payload/Runner.app/Frameworks/Flutter.framework/Headers/FlutterPluginAppLifeCycleDelegate.h
2024-12-16 08:59:26 +0000  copying file ./Payload/Runner.app/Frameworks/Flutter.framework/Headers/FlutterBinaryMessenger.h ... 
2024-12-16 08:59:26 +0000  3761 bytes for ./Payload/Runner.app/Frameworks/Flutter.framework/Headers/FlutterBinaryMessenger.h
2024-12-16 08:59:26 +0000  copying file ./Payload/Runner.app/Frameworks/Flutter.framework/Headers/FlutterCallbackCache.h ... 
2024-12-16 08:59:26 +0000  1724 bytes for ./Payload/Runner.app/Frameworks/Flutter.framework/Headers/FlutterCallbackCache.h
2024-12-16 08:59:26 +0000  copying file ./Payload/Runner.app/Frameworks/Flutter.framework/PrivacyInfo.xcprivacy ... 
2024-12-16 08:59:26 +0000  845 bytes for ./Payload/Runner.app/Frameworks/Flutter.framework/PrivacyInfo.xcprivacy
2024-12-16 08:59:26 +0000  copying file ./Payload/Runner.app/Frameworks/Flutter.framework/Modules/module.modulemap ... 
2024-12-16 08:59:26 +0000  95 bytes for ./Payload/Runner.app/Frameworks/Flutter.framework/Modules/module.modulemap
2024-12-16 08:59:26 +0000  copying file ./Payload/Runner.app/Frameworks/Flutter.framework/Info.plist ... 
2024-12-16 08:59:26 +0000  1028 bytes for ./Payload/Runner.app/Frameworks/Flutter.framework/Info.plist
2024-12-16 08:59:26 +0000  copying file ./Payload/Runner.app/Frameworks/App.framework/_CodeSignature/CodeResources ... 
2024-12-16 08:59:26 +0000  8726 bytes for ./Payload/Runner.app/Frameworks/App.framework/_CodeSignature/CodeResources
2024-12-16 08:59:26 +0000  copying file ./Payload/Runner.app/Frameworks/App.framework/App ... 
2024-12-16 08:59:26 +0000  7244224 bytes for ./Payload/Runner.app/Frameworks/App.framework/App
2024-12-16 08:59:26 +0000  copying file ./Payload/Runner.app/Frameworks/App.framework/flutter_assets/NOTICES.Z ... 
2024-12-16 08:59:26 +0000  92566 bytes for ./Payload/Runner.app/Frameworks/App.framework/flutter_assets/NOTICES.Z
2024-12-16 08:59:26 +0000  copying file ./Payload/Runner.app/Frameworks/App.framework/flutter_assets/AssetManifest.json ... 
2024-12-16 08:59:26 +0000  1441 bytes for ./Payload/Runner.app/Frameworks/App.framework/flutter_assets/AssetManifest.json
copying file ./Payload/Runner.app/Frameworks/App.framework/flutter_assets/FontManifest.json ... 
2024-12-16 08:59:26 +0000  670 bytes for ./Payload/Runner.app/Frameworks/App.framework/flutter_assets/FontManifest.json
2024-12-16 08:59:26 +0000  copying file ./Payload/Runner.app/Frameworks/App.framework/flutter_assets/packages/cupertino_icons/assets/CupertinoIcons.ttf ... 
2024-12-16 08:59:26 +0000  257628 bytes for ./Payload/Runner.app/Frameworks/App.framework/flutter_assets/packages/cupertino_icons/assets/CupertinoIcons.ttf
2024-12-16 08:59:26 +0000  copying file ./Payload/Runner.app/Frameworks/App.framework/flutter_assets/packages/font_awesome_flutter/lib/fonts/fa-solid-900.ttf ... 
2024-12-16 08:59:26 +0000  419720 bytes for ./Payload/Runner.app/Frameworks/App.framework/flutter_assets/packages/font_awesome_flutter/lib/fonts/fa-solid-900.ttf
2024-12-16 08:59:26 +0000  copying file ./Payload/Runner.app/Frameworks/App.framework/flutter_assets/packages/font_awesome_flutter/lib/fonts/fa-regular-400.ttf ... 
2024-12-16 08:59:26 +0000  68004 bytes for ./Payload/Runner.app/Frameworks/App.framework/flutter_assets/packages/font_awesome_flutter/lib/fonts/fa-regular-400.ttf
copying file ./Payload/Runner.app/Frameworks/App.framework/flutter_assets/packages/font_awesome_flutter/lib/fonts/fa-brands-400.ttf ... 
2024-12-16 08:59:26 +0000  207972 bytes for ./Payload/Runner.app/Frameworks/App.framework/flutter_assets/packages/font_awesome_flutter/lib/fonts/fa-brands-400.ttf
2024-12-16 08:59:26 +0000  copying file ./Payload/Runner.app/Frameworks/App.framework/flutter_assets/packages/fluttertoast/assets/toastify.js ... 
2024-12-16 08:59:26 +0000  5285 bytes for ./Payload/Runner.app/Frameworks/App.framework/flutter_assets/packages/fluttertoast/assets/toastify.js
copying file ./Payload/Runner.app/Frameworks/App.framework/flutter_assets/packages/fluttertoast/assets/toastify.css ... 
2024-12-16 08:59:26 +0000  1337 bytes for ./Payload/Runner.app/Frameworks/App.framework/flutter_assets/packages/fluttertoast/assets/toastify.css
2024-12-16 08:59:26 +0000  copying file ./Payload/Runner.app/Frameworks/App.framework/flutter_assets/shaders/ink_sparkle.frag ... 
2024-12-16 08:59:26 +0000  12112 bytes for ./Payload/Runner.app/Frameworks/App.framework/flutter_assets/shaders/ink_sparkle.frag
2024-12-16 08:59:26 +0000  copying file ./Payload/Runner.app/Frameworks/App.framework/flutter_assets/AssetManifest.bin ... 
2024-12-16 08:59:26 +0000  1575 bytes for ./Payload/Runner.app/Frameworks/App.framework/flutter_assets/AssetManifest.bin
2024-12-16 08:59:26 +0000  copying file ./Payload/Runner.app/Frameworks/App.framework/flutter_assets/fonts/MaterialIcons-Regular.otf ... 
2024-12-16 08:59:26 +0000  1645184 bytes for ./Payload/Runner.app/Frameworks/App.framework/flutter_assets/fonts/MaterialIcons-Regular.otf
2024-12-16 08:59:26 +0000  copying file ./Payload/Runner.app/Frameworks/App.framework/flutter_assets/assets/audios/favicon.png ... 
2024-12-16 08:59:26 +0000  917 bytes for ./Payload/Runner.app/Frameworks/App.framework/flutter_assets/assets/audios/favicon.png
2024-12-16 08:59:26 +0000  copying file ./Payload/Runner.app/Frameworks/App.framework/flutter_assets/assets/jsons/favicon.png ... 
2024-12-16 08:59:26 +0000  917 bytes for ./Payload/Runner.app/Frameworks/App.framework/flutter_assets/assets/jsons/favicon.png
2024-12-16 08:59:26 +0000  copying file ./Payload/Runner.app/Frameworks/App.framework/flutter_assets/assets/rive_animations/favicon.png ... 
2024-12-16 08:59:26 +0000  917 bytes for ./Payload/Runner.app/Frameworks/App.framework/flutter_assets/assets/rive_animations/favicon.png
2024-12-16 08:59:26 +0000  copying file ./Payload/Runner.app/Frameworks/App.framework/flutter_assets/assets/images/everyday.svg ... 
2024-12-16 08:59:26 +0000  1106 bytes for ./Payload/Runner.app/Frameworks/App.framework/flutter_assets/assets/images/everyday.svg
copying file ./Payload/Runner.app/Frameworks/App.framework/flutter_assets/assets/images/login_avatar.webp ... 
2024-12-16 08:59:26 +0000  19228 bytes for ./Payload/Runner.app/Frameworks/App.framework/flutter_assets/assets/images/login_avatar.webp
copying file ./Payload/Runner.app/Frameworks/App.framework/flutter_assets/assets/images/login_bg.webp ... 
2024-12-16 08:59:26 +0000  26602 bytes for ./Payload/Runner.app/Frameworks/App.framework/flutter_assets/assets/images/login_bg.webp
copying file ./Payload/Runner.app/Frameworks/App.framework/flutter_assets/assets/images/school.svg ... 
2024-12-16 08:59:26 +0000  1243 bytes for ./Payload/Runner.app/Frameworks/App.framework/flutter_assets/assets/images/school.svg
2024-12-16 08:59:26 +0000  copying file ./Payload/Runner.app/Frameworks/App.framework/flutter_assets/assets/images/students.svg ... 
2024-12-16 08:59:26 +0000  3113 bytes for ./Payload/Runner.app/Frameworks/App.framework/flutter_assets/assets/images/students.svg
2024-12-16 08:59:26 +0000  copying file ./Payload/Runner.app/Frameworks/App.framework/flutter_assets/assets/images/favicon.png ... 
2024-12-16 08:59:26 +0000  917 bytes for ./Payload/Runner.app/Frameworks/App.framework/flutter_assets/assets/images/favicon.png
2024-12-16 08:59:26 +0000  copying file ./Payload/Runner.app/Frameworks/App.framework/flutter_assets/assets/images/assessment.svg ... 
2024-12-16 08:59:26 +0000  1590 bytes for ./Payload/Runner.app/Frameworks/App.framework/flutter_assets/assets/images/assessment.svg
2024-12-16 08:59:26 +0000  copying file ./Payload/Runner.app/Frameworks/App.framework/flutter_assets/assets/videos/favicon.png ... 
2024-12-16 08:59:26 +0000  917 bytes for ./Payload/Runner.app/Frameworks/App.framework/flutter_assets/assets/videos/favicon.png
2024-12-16 08:59:26 +0000  copying file ./Payload/Runner.app/Frameworks/App.framework/flutter_assets/assets/pdfs/favicon.png ... 
2024-12-16 08:59:26 +0000  917 bytes for ./Payload/Runner.app/Frameworks/App.framework/flutter_assets/assets/pdfs/favicon.png
2024-12-16 08:59:26 +0000  copying file ./Payload/Runner.app/Frameworks/App.framework/flutter_assets/assets/fonts/favicon.png ... 
2024-12-16 08:59:26 +0000  917 bytes for ./Payload/Runner.app/Frameworks/App.framework/flutter_assets/assets/fonts/favicon.png
2024-12-16 08:59:26 +0000  copying file ./Payload/Runner.app/Frameworks/App.framework/Info.plist ... 
2024-12-16 08:59:26 +0000  797 bytes for ./Payload/Runner.app/Frameworks/App.framework/Info.plist
2024-12-16 08:59:26 +0000  copying file ./Payload/Runner.app/embedded.mobileprovision ... 
2024-12-16 08:59:26 +0000  14602 bytes for ./Payload/Runner.app/embedded.mobileprovision
2024-12-16 08:59:26 +0000  copying file ./Payload/Runner.app/FirebaseCrashlytics_Privacy.bundle/PrivacyInfo.xcprivacy ... 
2024-12-16 08:59:26 +0000  1383 bytes for ./Payload/Runner.app/FirebaseCrashlytics_Privacy.bundle/PrivacyInfo.xcprivacy
2024-12-16 08:59:26 +0000  copying file ./Payload/Runner.app/FirebaseCrashlytics_Privacy.bundle/Info.plist ... 
2024-12-16 08:59:26 +0000  807 bytes for ./Payload/Runner.app/FirebaseCrashlytics_Privacy.bundle/Info.plist
2024-12-16 08:59:26 +0000  copying file ./Payload/Runner.app/Info.plist ... 
2024-12-16 08:59:26 +0000  1896 bytes for ./Payload/Runner.app/Info.plist
2024-12-16 08:59:26 +0000  copying file ./Payload/Runner.app/FirebaseABTesting_Privacy.bundle/PrivacyInfo.xcprivacy ... 
2024-12-16 08:59:26 +0000  478 bytes for ./Payload/Runner.app/FirebaseABTesting_Privacy.bundle/PrivacyInfo.xcprivacy
2024-12-16 08:59:26 +0000  copying file ./Payload/Runner.app/FirebaseABTesting_Privacy.bundle/Info.plist ... 
2024-12-16 08:59:26 +0000  803 bytes for ./Payload/Runner.app/FirebaseABTesting_Privacy.bundle/Info.plist
2024-12-16 08:59:26 +0000  copying file ./Payload/Runner.app/PkgInfo ... 
2024-12-16 08:59:26 +0000  8 bytes for ./Payload/Runner.app/PkgInfo
2024-12-16 08:59:26 +0000  copying file ./Payload/Runner.app/Promises_Privacy.bundle/PrivacyInfo.xcprivacy ... 
2024-12-16 08:59:26 +0000  373 bytes for ./Payload/Runner.app/Promises_Privacy.bundle/PrivacyInfo.xcprivacy
2024-12-16 08:59:26 +0000  copying file ./Payload/Runner.app/Promises_Privacy.bundle/Info.plist ... 
2024-12-16 08:59:26 +0000  784 bytes for ./Payload/Runner.app/Promises_Privacy.bundle/Info.plist
2024-12-16 08:59:26 +0000  /usr/bin/ditto exited with 0
2024-12-16 08:59:26 +0000  Processing step: IDEDistributionAppStoreInformationStep
2024-12-16 08:59:26 +0000  Skipping step: IDEDistributionAppStoreInformationStep because it said so
2024-12-16 08:59:26 +0000  Processing step: IDEDistributionGenerateProcessedDistributionItems
2024-12-16 08:59:26 +0000  IDEDistributionItem init <DVTFilePath:0x6000233b2040:'/var/folders/7j/jgrg5mm17mn726k0w82ht6bry65z1w/T/XcodeDistPipeline.~~~QQdCuf/Root/Payload/Runner.app/Frameworks/App.framework'>
2024-12-16 08:59:26 +0000  IDEDistributionItem init <DVTFilePath:0x600053c42bc0:'/var/folders/7j/jgrg5mm17mn726k0w82ht6bry65z1w/T/XcodeDistPipeline.~~~QQdCuf/Root/Payload/Runner.app/Frameworks/Flutter.framework'>
2024-12-16 08:59:27 +0000  IDEDistributionItem init <DVTFilePath:0x600053c42920:'/var/folders/7j/jgrg5mm17mn726k0w82ht6bry65z1w/T/XcodeDistPipeline.~~~QQdCuf/Root/Payload/Runner.app/Frameworks/libswift_Concurrency.dylib'>
2024-12-16 08:59:27 +0000  [OPTIONAL] Can't have a profile, not a bundle at <DVTFilePath:0x600053c42920:'/var/folders/7j/jgrg5mm17mn726k0w82ht6bry65z1w/T/XcodeDistPipeline.~~~QQdCuf/Root/Payload/Runner.app/Frameworks/libswift_Concurrency.dylib'>
2024-12-16 08:59:27 +0000  IDEDistributionItem init <DVTFilePath:0x60002332cde0:'/var/folders/7j/jgrg5mm17mn726k0w82ht6bry65z1w/T/XcodeDistPipeline.~~~QQdCuf/Root/Payload/Runner.app'>
2024-12-16 08:59:27 +0000  Processing step: IDEDistributionCreateManifestStep
